#
# A fatal error has been detected by the Java Runtime Environment:
#
#  EXCEPTION_ACCESS_VIOLATION (0xc0000005) at pc=0x00007ffa77216b22, pid=6080, tid=3316
#
# JRE version: OpenJDK Runtime Environment (11.0.13) (build 11.0.13+0-b1751.21-8125866)
# Java VM: OpenJDK 64-Bit Server VM (11.0.13+0-b1751.21-8125866, mixed mode, tiered, compressed oops, g1 gc, windows-amd64)
# Problematic frame:
# V  [jvm.dll+0x5a6b22]
#
# No core dump will be written. Minidumps are not enabled by default on client versions of Windows
#
# If you would like to submit a bug report, please visit:
#   https://bugreport.java.com/bugreport/crash.jsp
#

---------------  S U M M A R Y ------------

Command Line: --add-opens=java.base/java.util=ALL-UNNAMED --add-opens=java.base/java.lang=ALL-UNNAMED --add-opens=java.base/java.lang.invoke=ALL-UNNAMED --add-opens=java.base/java.util=ALL-UNNAMED --add-opens=java.prefs/java.util.prefs=ALL-UNNAMED --add-opens=java.prefs/java.util.prefs=ALL-UNNAMED --add-opens=java.base/java.nio.charset=ALL-UNNAMED --add-opens=java.base/java.net=ALL-UNNAMED --add-opens=java.base/java.util.concurrent.atomic=ALL-UNNAMED -Xmx2048m -Dfile.encoding=UTF-8 -Duser.country=US -Duser.language=en -Duser.variant org.gradle.launcher.daemon.bootstrap.GradleDaemon 7.4

Host: AMD Ryzen 7 4800H with Radeon Graphics         , 16 cores, 15G,  Windows 10 , 64 bit Build 19041 (10.0.19041.2788)
Time: Thu Apr 20 22:05:25 2023 SE Asia Standard Time elapsed time: 7.111961 seconds (0d 0h 0m 7s)

---------------  T H R E A D  ---------------

Current thread (0x000001c5fb201800):  JavaThread "C2 CompilerThread2" daemon [_thread_in_native, id=3316, stack(0x0000002427700000,0x0000002427800000)]


Current CompileTask:
C2:   7112 4825       4       org.objectweb.asm.ClassWriter::<init> (68 bytes)

Stack: [0x0000002427700000,0x0000002427800000],  sp=0x00000024277fbde0,  free space=1007k
Native frames: (J=compiled Java code, j=interpreted, Vv=VM code, C=native code)
V  [jvm.dll+0x5a6b22]
C  0x000001c5f74815f0


siginfo: EXCEPTION_ACCESS_VIOLATION (0xc0000005), writing address 0xffffffffffffff8b


Register to memory mapping:

RIP=0x00007ffa77216b22 jvm.dll
RAX=0x0 is NULL
RBX=0x000001c583c22fe0 points into unknown readable memory: 0x00007ffa77437640 | 40 76 43 77 fa 7f 00 00
RCX=0x000001c583c22fe0 points into unknown readable memory: 0x00007ffa77437640 | 40 76 43 77 fa 7f 00 00
RDX=0x000001c583c230c0 points into unknown readable memory: 0x000001c583c22f18 | 18 2f c2 83 c5 01 00 00
RSP=0x00000024277fbde0 is pointing into the stack for thread: 0x000001c5fb201800
RBP=0x00000024277fbe58 is pointing into the stack for thread: 0x000001c5fb201800
RSI=0xfffffffffffffff8 is an unknown value
RDI=0x000001c583c22f18 points into unknown readable memory: 0x00007ffa7743ab40 | 40 ab 43 77 fa 7f 00 00
R8 =0x000001c583c230c0 points into unknown readable memory: 0x000001c583c22f18 | 18 2f c2 83 c5 01 00 00
R9 =0x000001c583c22fb0 points into unknown readable memory: 0x000001c583c22fe0 | e0 2f c2 83 c5 01 00 00
R10=0x0 is NULL
R11=0x0000000000000246 is an unknown value
R12=0x0 is NULL
R13=0x00000024277fc250 is pointing into the stack for thread: 0x000001c5fb201800
R14=0x000001c58233c5f0 points into unknown readable memory: 0x00007ffa7747eaf0 | f0 ea 47 77 fa 7f 00 00
R15=0x000001c583552318 points into unknown readable memory: 0x00007ffa774b70f8 | f8 70 4b 77 fa 7f 00 00


Registers:
RAX=0x0000000000000000, RBX=0x000001c583c22fe0, RCX=0x000001c583c22fe0, RDX=0x000001c583c230c0
RSP=0x00000024277fbde0, RBP=0x00000024277fbe58, RSI=0xfffffffffffffff8, RDI=0x000001c583c22f18
R8 =0x000001c583c230c0, R9 =0x000001c583c22fb0, R10=0x0000000000000000, R11=0x0000000000000246
R12=0x0000000000000000, R13=0x00000024277fc250, R14=0x000001c58233c5f0, R15=0x000001c583552318
RIP=0x00007ffa77216b22, EFLAGS=0x0000000000010246

Top of Stack: (sp=0x00000024277fbde0)
0x00000024277fbde0:   000001c583c232b8 fffffffffffffff8
0x00000024277fbdf0:   0000000000000000 00000024277fc250
0x00000024277fbe00:   000001c583534160 00007ffa77216b08
0x00000024277fbe10:   000001c583c22fe0 0000000000000001
0x00000024277fbe20:   00000000000027d8 000001c5fb5f9fc0
0x00000024277fbe30:   000001c583f64920 000001c583f6fc20
0x00000024277fbe40:   000001c583f61220 000001c5f74815f0
0x00000024277fbe50:   0000000000000000 000001c5f920e1b8
0x00000024277fbe60:   00000024277fe7e0 00000024277fc250
0x00000024277fbe70:   0000000000000108 00007ffa7721530e
0x00000024277fbe80:   00000000000003a8 00000024277fe5b0
0x00000024277fbe90:   0000000000000006 000001c587034010
0x00000024277fbea0:   0000000000000000 0000000000000000
0x00000024277fbeb0:   0000000000000000 0000000000000000
0x00000024277fbec0:   0000000000000000 0000000000000000
0x00000024277fbed0:   0000000000000000 0000000000000000 

Instructions: (pc=0x00007ffa77216b22)
0x00007ffa77216a22:   48 3b 45 e0 72 0d 48 8d 4d d8 e8 8f 83 04 00 48
0x00007ffa77216a32:   8b 4d d8 48 89 31 48 8b 45 d8 44 89 60 08 48 8b
0x00007ffa77216a42:   45 d8 48 83 c0 10 48 89 45 d8 4c 89 30 48 8b 45
0x00007ffa77216a52:   d8 ff cf c7 40 08 01 00 00 00 41 3b ff 0f 8d fb
0x00007ffa77216a62:   fe ff ff 85 ff 0f 88 fe 00 00 00 48 63 c7 48 8d
0x00007ffa77216a72:   34 c5 00 00 00 00 0f 1f 84 00 00 00 00 00 48 8b
0x00007ffa77216a82:   43 08 4c 8b 34 06 4d 85 f6 74 47 48 8b 4d d8 48
0x00007ffa77216a92:   83 c1 10 48 89 4d d8 48 8d 41 10 48 3b 45 e0 72
0x00007ffa77216aa2:   0d 48 8d 4d d8 e8 14 83 04 00 48 8b 4d d8 48 89
0x00007ffa77216ab2:   19 48 8b 45 d8 89 78 08 48 8b 45 d8 48 83 c0 10
0x00007ffa77216ac2:   48 89 45 d8 4c 89 30 48 8b 45 d8 c7 40 08 01 00
0x00007ffa77216ad2:   00 00 48 83 ee 08 83 ef 01 79 a3 e9 89 00 00 00
0x00007ffa77216ae2:   83 f8 02 75 6e 48 83 ea 10 48 89 55 d8 48 8b 0a
0x00007ffa77216af2:   48 85 c9 74 54 8b 42 08 85 c0 78 18 4c 8b c3 8b
0x00007ffa77216b02:   d0 e8 78 09 ae ff 48 8b 55 d8 48 83 ea 10 48 89
0x00007ffa77216b12:   55 d8 eb 59 83 f8 ff 75 16 48 8b d3 e8 8d 6e 04
0x00007ffa77216b22:   00 48 8b 55 d8 48 83 ea 10 48 89 55 d8 eb 3e ba
0x00007ffa77216b32:   53 04 00 00 48 8d 0d 93 c4 2d 00 e8 9e 3e ca ff
0x00007ffa77216b42:   e8 39 8d 06 00 48 8b 55 d8 48 83 ea 10 48 89 55
0x00007ffa77216b52:   d8 eb 1a ba 58 04 00 00 48 8d 0d 6f c4 2d 00 e8
0x00007ffa77216b62:   7a 3e ca ff e8 15 8d 06 00 48 8b 55 d8 48 3b 55
0x00007ffa77216b72:   e8 0f 83 67 fa ff ff 48 8b c3 4c 8b 7c 24 40 4c
0x00007ffa77216b82:   8b b4 24 88 00 00 00 48 8b 7c 24 78 48 8b 74 24
0x00007ffa77216b92:   70 48 83 c4 48 41 5d 41 5c 5b 5d c3 33 c0 eb da
0x00007ffa77216ba2:   cc cc cc cc cc cc cc cc cc cc cc cc cc cc 48 89
0x00007ffa77216bb2:   5c 24 08 48 89 74 24 10 57 48 83 ec 20 4c 8b 4a
0x00007ffa77216bc2:   50 48 8b f1 4c 8b 41 08 49 8b 40 08 8b 50 28 49
0x00007ffa77216bd2:   8b 40 10 49 8b 3c d1 8b 50 28 49 8b 1c d1 48 85
0x00007ffa77216be2:   ff 74 5e 48 85 db 74 59 48 3b 3d 2f 52 4b 00 74
0x00007ffa77216bf2:   50 48 8b 07 48 8b cf ff 50 40 84 c0 74 43 48 3b
0x00007ffa77216c02:   1d 19 52 4b 00 74 3a 48 8b 03 48 8b cb ff 50 40
0x00007ffa77216c12:   84 c0 74 2d 48 8b 06 48 8b ce 44 8b 43 18 8b 57 


Stack slot to memory mapping:
stack at sp + 0 slots: 0x000001c583c232b8 points into unknown readable memory: 0x00007ffa7740d9f0 | f0 d9 40 77 fa 7f 00 00
stack at sp + 1 slots: 0xfffffffffffffff8 is an unknown value
stack at sp + 2 slots: 0x0 is NULL
stack at sp + 3 slots: 0x00000024277fc250 is pointing into the stack for thread: 0x000001c5fb201800
stack at sp + 4 slots: 0x000001c583534160 points into unknown readable memory: 0x00007ffa7743d1d0 | d0 d1 43 77 fa 7f 00 00
stack at sp + 5 slots: 0x00007ffa77216b08 jvm.dll
stack at sp + 6 slots: 0x000001c583c22fe0 points into unknown readable memory: 0x00007ffa77437640 | 40 76 43 77 fa 7f 00 00
stack at sp + 7 slots: 0x0000000000000001 is an unknown value


---------------  P R O C E S S  ---------------

Threads class SMR info:
_java_thread_list=0x000001c5fade21b0, length=57, elements={
0x000001c5da25b000, 0x000001c5f5b0e800, 0x000001c5f5b17800, 0x000001c5f5b69800,
0x000001c5f5b6b800, 0x000001c5f5b6e000, 0x000001c5f5b72800, 0x000001c5f5b73800,
0x000001c5f5b75800, 0x000001c5f52a1800, 0x000001c5f5cf3000, 0x000001c5f68f9000,
0x000001c5f6289800, 0x000001c5f7de2800, 0x000001c5f7ba8800, 0x000001c5f8dc8800,
0x000001c5f7bc3800, 0x000001c5f7a82000, 0x000001c5f8959000, 0x000001c5f7aed800,
0x000001c5f8506800, 0x000001c5f7ef4000, 0x000001c5f7fd5000, 0x000001c5f5e5c000,
0x000001c5f5e58800, 0x000001c5f5e59800, 0x000001c5f5e58000, 0x000001c5f5e56800,
0x000001c5f5e57000, 0x000001c5f5e5d000, 0x000001c5f5e5a800, 0x000001c5f5e5b000,
0x000001c5f8c00000, 0x000001c5f8c03800, 0x000001c5f8c04000, 0x000001c5f8c01800,
0x000001c5f8bff000, 0x000001c5f8c02800, 0x000001c5f8c01000, 0x000001c5f8c0a800,
0x000001c5f8c08000, 0x000001c5f8c05000, 0x000001c5f8c0b800, 0x000001c5f8c06800,
0x000001c5f692e000, 0x000001c5f8c06000, 0x000001c5f8c0c800, 0x000001c5f8c0a000,
0x000001c5f8c09000, 0x000001c5f8c0d000, 0x000001c5fb201800, 0x000001c5f965f800,
0x000001c5fb1ff800, 0x000001c582218800, 0x000001c5f8c0e000, 0x000001c5fb054000,
0x000001c5fb0b0800
}

Java Threads: ( => current thread )
  0x000001c5da25b000 JavaThread "main" [_thread_blocked, id=5672, stack(0x0000002423000000,0x0000002423100000)]
  0x000001c5f5b0e800 JavaThread "Reference Handler" daemon [_thread_blocked, id=11356, stack(0x0000002423700000,0x0000002423800000)]
  0x000001c5f5b17800 JavaThread "Finalizer" daemon [_thread_blocked, id=11400, stack(0x0000002423800000,0x0000002423900000)]
  0x000001c5f5b69800 JavaThread "Signal Dispatcher" daemon [_thread_blocked, id=11380, stack(0x0000002423900000,0x0000002423a00000)]
  0x000001c5f5b6b800 JavaThread "Attach Listener" daemon [_thread_blocked, id=11816, stack(0x0000002423a00000,0x0000002423b00000)]
  0x000001c5f5b6e000 JavaThread "Service Thread" daemon [_thread_blocked, id=13184, stack(0x0000002423b00000,0x0000002423c00000)]
  0x000001c5f5b72800 JavaThread "C2 CompilerThread0" daemon [_thread_in_native, id=11372, stack(0x0000002423c00000,0x0000002423d00000)]
  0x000001c5f5b73800 JavaThread "C1 CompilerThread0" daemon [_thread_blocked, id=11388, stack(0x0000002423d00000,0x0000002423e00000)]
  0x000001c5f5b75800 JavaThread "Sweeper thread" daemon [_thread_blocked, id=11376, stack(0x0000002423e00000,0x0000002423f00000)]
  0x000001c5f52a1800 JavaThread "C1 CompilerThread1" daemon [_thread_in_native, id=11328, stack(0x0000002423f00000,0x0000002424000000)]
  0x000001c5f5cf3000 JavaThread "Common-Cleaner" daemon [_thread_blocked, id=11288, stack(0x0000002424000000,0x0000002424100000)]
  0x000001c5f68f9000 JavaThread "C1 CompilerThread2" daemon [_thread_blocked, id=15224, stack(0x0000002424400000,0x0000002424500000)]
  0x000001c5f6289800 JavaThread "C1 CompilerThread3" daemon [_thread_blocked, id=5368, stack(0x0000002424500000,0x0000002424600000)]
  0x000001c5f7de2800 JavaThread "Daemon health stats" [_thread_blocked, id=6500, stack(0x0000002424a00000,0x0000002424b00000)]
  0x000001c5f7ba8800 JavaThread "Incoming local TCP Connector on port 57895" [_thread_in_native, id=10820, stack(0x0000002424200000,0x0000002424300000)]
  0x000001c5f8dc8800 JavaThread "Daemon periodic checks" [_thread_blocked, id=9024, stack(0x0000002424300000,0x0000002424400000)]
  0x000001c5f7bc3800 JavaThread "Daemon" [_thread_blocked, id=17232, stack(0x0000002424b00000,0x0000002424c00000)]
  0x000001c5f7a82000 JavaThread "Handler for socket connection from /127.0.0.1:57895 to /127.0.0.1:57896" [_thread_in_native, id=10312, stack(0x0000002424c00000,0x0000002424d00000)]
  0x000001c5f8959000 JavaThread "Cancel handler" [_thread_blocked, id=13172, stack(0x0000002424d00000,0x0000002424e00000)]
  0x000001c5f7aed800 JavaThread "Daemon worker" [_thread_blocked, id=13148, stack(0x0000002424e00000,0x0000002424f00000)]
  0x000001c5f8506800 JavaThread "Asynchronous log dispatcher for DefaultDaemonConnection: socket connection from /127.0.0.1:57895 to /127.0.0.1:57896" [_thread_blocked, id=6904, stack(0x0000002424f00000,0x0000002425000000)]
  0x000001c5f7ef4000 JavaThread "Stdin handler" [_thread_blocked, id=11476, stack(0x0000002425000000,0x0000002425100000)]
  0x000001c5f7fd5000 JavaThread "Daemon client event forwarder" [_thread_blocked, id=8648, stack(0x0000002425100000,0x0000002425200000)]
  0x000001c5f5e5c000 JavaThread "Cache worker for journal cache (C:\Users\Admin\.gradle\caches\journal-1)" [_thread_blocked, id=12028, stack(0x0000002425200000,0x0000002425300000)]
  0x000001c5f5e58800 JavaThread "File lock request listener" [_thread_in_native, id=12012, stack(0x0000002425300000,0x0000002425400000)]
  0x000001c5f5e59800 JavaThread "Cache worker for file hash cache (C:\Users\Admin\.gradle\caches\7.4\fileHashes)" [_thread_blocked, id=9744, stack(0x0000002425e00000,0x0000002425f00000)]
  0x000001c5f5e58000 JavaThread "File watcher server" daemon [_thread_in_native, id=6576, stack(0x0000002426100000,0x0000002426200000)]
  0x000001c5f5e56800 JavaThread "File watcher consumer" daemon [_thread_blocked, id=7516, stack(0x0000002426200000,0x0000002426300000)]
  0x000001c5f5e57000 JavaThread "jar transforms" [_thread_blocked, id=14148, stack(0x0000002425f00000,0x0000002426000000)]
  0x000001c5f5e5d000 JavaThread "jar transforms Thread 2" [_thread_blocked, id=16448, stack(0x0000002426000000,0x0000002426100000)]
  0x000001c5f5e5a800 JavaThread "jar transforms Thread 3" [_thread_in_native, id=10196, stack(0x0000002426300000,0x0000002426400000)]
  0x000001c5f5e5b000 JavaThread "jar transforms Thread 4" [_thread_blocked, id=9084, stack(0x0000002426400000,0x0000002426500000)]
  0x000001c5f8c00000 JavaThread "jar transforms Thread 5" [_thread_blocked, id=11448, stack(0x0000002426500000,0x0000002426600000)]
  0x000001c5f8c03800 JavaThread "jar transforms Thread 6" [_thread_blocked, id=3500, stack(0x0000002426600000,0x0000002426700000)]
  0x000001c5f8c04000 JavaThread "jar transforms Thread 7" [_thread_blocked, id=8196, stack(0x0000002426700000,0x0000002426800000)]
  0x000001c5f8c01800 JavaThread "jar transforms Thread 8" [_thread_blocked, id=17124, stack(0x0000002426800000,0x0000002426900000)]
  0x000001c5f8bff000 JavaThread "jar transforms Thread 9" [_thread_blocked, id=11268, stack(0x0000002426900000,0x0000002426a00000)]
  0x000001c5f8c02800 JavaThread "jar transforms Thread 10" [_thread_blocked, id=15544, stack(0x0000002426a00000,0x0000002426b00000)]
  0x000001c5f8c01000 JavaThread "jar transforms Thread 11" [_thread_blocked, id=15524, stack(0x0000002426b00000,0x0000002426c00000)]
  0x000001c5f8c0a800 JavaThread "jar transforms Thread 12" [_thread_blocked, id=6640, stack(0x0000002426c00000,0x0000002426d00000)]
  0x000001c5f8c08000 JavaThread "jar transforms Thread 13" [_thread_blocked, id=15536, stack(0x0000002426d00000,0x0000002426e00000)]
  0x000001c5f8c05000 JavaThread "jar transforms Thread 14" [_thread_blocked, id=15748, stack(0x0000002426e00000,0x0000002426f00000)]
  0x000001c5f8c0b800 JavaThread "jar transforms Thread 15" [_thread_blocked, id=7088, stack(0x0000002426f00000,0x0000002427000000)]
  0x000001c5f8c06800 JavaThread "jar transforms Thread 16" [_thread_blocked, id=17204, stack(0x0000002427000000,0x0000002427100000)]
  0x000001c5f692e000 JavaThread "C2 CompilerThread1" daemon [_thread_in_native, id=15540, stack(0x0000002427100000,0x0000002427200000)]
  0x000001c5f8c06000 JavaThread "Cache worker for checksums cache (C:\Users\Admin\.android\MyApplication\.gradle\7.4\checksums)" [_thread_blocked, id=9948, stack(0x0000002427300000,0x0000002427400000)]
  0x000001c5f8c0c800 JavaThread "Cache worker for cache directory md-rule (C:\Users\Admin\.gradle\caches\7.4\md-rule)" [_thread_blocked, id=13080, stack(0x0000002427400000,0x0000002427500000)]
  0x000001c5f8c0a000 JavaThread "Cache worker for file hash cache (C:\Users\Admin\.android\MyApplication\.gradle\7.4\fileHashes)" [_thread_blocked, id=9780, stack(0x0000002427500000,0x0000002427600000)]
  0x000001c5f8c09000 JavaThread "Cache worker for cache directory md-supplier (C:\Users\Admin\.gradle\caches\7.4\md-supplier)" [_thread_blocked, id=15968, stack(0x0000002427600000,0x0000002427700000)]
  0x000001c5f8c0d000 JavaThread "Cache worker for execution history cache (C:\Users\Admin\.gradle\caches\7.4\executionHistory)" [_thread_blocked, id=15916, stack(0x0000002427200000,0x0000002427300000)]
=>0x000001c5fb201800 JavaThread "C2 CompilerThread2" daemon [_thread_in_native, id=3316, stack(0x0000002427700000,0x0000002427800000)]
  0x000001c5f965f800 JavaThread "C2 CompilerThread3" daemon [_thread_in_native, id=10144, stack(0x0000002427800000,0x0000002427900000)]
  0x000001c5fb1ff800 JavaThread "C2 CompilerThread4" daemon [_thread_blocked, id=12180, stack(0x0000002427900000,0x0000002427a00000)]
  0x000001c582218800 JavaThread "C2 CompilerThread5" daemon [_thread_blocked, id=4008, stack(0x0000002427a00000,0x0000002427b00000)]
  0x000001c5f8c0e000 JavaThread "Cache worker for file content cache (C:\Users\Admin\.gradle\caches\7.4\fileContent)" [_thread_blocked, id=3108, stack(0x0000002427b00000,0x0000002427c00000)]
  0x000001c5fb054000 JavaThread "C2 CompilerThread6" daemon [_thread_in_native, id=16552, stack(0x0000002427c00000,0x0000002427d00000)]
  0x000001c5fb0b0800 JavaThread "C2 CompilerThread7" daemon [_thread_blocked, id=16616, stack(0x0000002427d00000,0x0000002427e00000)]

Other Threads:
  0x000001c5f5b09000 VMThread "VM Thread" [stack: 0x0000002423600000,0x0000002423700000] [id=11812]
  0x000001c5f5d4e000 WatcherThread [stack: 0x0000002424100000,0x0000002424200000] [id=11384]
  0x000001c5da274000 GCTaskThread "GC Thread#0" [stack: 0x0000002423100000,0x0000002423200000] [id=15964]
  0x000001c5f6518000 GCTaskThread "GC Thread#1" [stack: 0x0000002424600000,0x0000002424700000] [id=8236]
  0x000001c5f6dd2800 GCTaskThread "GC Thread#2" [stack: 0x0000002424700000,0x0000002424800000] [id=11172]
  0x000001c5f6d51000 GCTaskThread "GC Thread#3" [stack: 0x0000002424800000,0x0000002424900000] [id=10040]
  0x000001c5f6c3d800 GCTaskThread "GC Thread#4" [stack: 0x0000002424900000,0x0000002424a00000] [id=4708]
  0x000001c5f8825000 GCTaskThread "GC Thread#5" [stack: 0x0000002425400000,0x0000002425500000] [id=16304]
  0x000001c5f7cec000 GCTaskThread "GC Thread#6" [stack: 0x0000002425500000,0x0000002425600000] [id=16380]
  0x000001c5f8ee0000 GCTaskThread "GC Thread#7" [stack: 0x0000002425600000,0x0000002425700000] [id=17220]
  0x000001c5f8e9a000 GCTaskThread "GC Thread#8" [stack: 0x0000002425700000,0x0000002425800000] [id=16080]
  0x000001c5f7e28800 GCTaskThread "GC Thread#9" [stack: 0x0000002425800000,0x0000002425900000] [id=14748]
  0x000001c5f7e29000 GCTaskThread "GC Thread#10" [stack: 0x0000002425900000,0x0000002425a00000] [id=16020]
  0x000001c5f68b5800 GCTaskThread "GC Thread#11" [stack: 0x0000002425a00000,0x0000002425b00000] [id=8680]
  0x000001c5f68b6800 GCTaskThread "GC Thread#12" [stack: 0x0000002425b00000,0x0000002425c00000] [id=16764]
  0x000001c5da2a6800 ConcurrentGCThread "G1 Main Marker" [stack: 0x0000002423200000,0x0000002423300000] [id=2532]
  0x000001c5da2a9000 ConcurrentGCThread "G1 Conc#0" [stack: 0x0000002423300000,0x0000002423400000] [id=16284]
  0x000001c5f8689800 ConcurrentGCThread "G1 Conc#1" [stack: 0x0000002425c00000,0x0000002425d00000] [id=13812]
  0x000001c5f8688800 ConcurrentGCThread "G1 Conc#2" [stack: 0x0000002425d00000,0x0000002425e00000] [id=8676]
  0x000001c5f514d800 ConcurrentGCThread "G1 Refine#0" [stack: 0x0000002423400000,0x0000002423500000] [id=17084]
  0x000001c5f514e000 ConcurrentGCThread "G1 Young RemSet Sampling" [stack: 0x0000002423500000,0x0000002423600000] [id=11308]

Threads with active compile tasks:
C2 CompilerThread0   7140 4773       4       org.gradle.internal.classpath.InstrumentingClasspathFileTransformer$$Lambda$324/0x0000000100483840::visit (17 bytes)
C1 CompilerThread1   7140 4832 %     3       org.objectweb.asm.ClassReader::readCode @ 2186 (5109 bytes)
C2 CompilerThread1   7140 4774   !   4       org.gradle.internal.classpath.InstrumentingClasspathFileTransformer::lambda$visitEntries$1 (168 bytes)
C2 CompilerThread2   7140 4825       4       org.objectweb.asm.ClassWriter::<init> (68 bytes)
C2 CompilerThread3   7140 4775       4       org.gradle.internal.classpath.ClasspathBuilder$ZipEntryBuilder::put (44 bytes)
C2 CompilerThread6   7140 4779       4       org.gradle.internal.classpath.ClasspathBuilder$ZipEntryBuilder::maybeAddParent (50 bytes)

VM state:not at safepoint (normal execution)

VM Mutex/Monitor currently owned by a thread: None

Heap address: 0x0000000080000000, size: 2048 MB, Compressed Oops mode: 32-bit
Narrow klass base: 0x0000000000000000, Narrow klass shift: 3
Compressed class space size: 1073741824 Address: 0x0000000100000000

Heap:
 garbage-first heap   total 253952K, used 122502K [0x0000000080000000, 0x0000000100000000)
  region size 1024K, 69 young (70656K), 9 survivors (9216K)
 Metaspace       used 44290K, capacity 45364K, committed 45616K, reserved 1089536K
  class space    used 5578K, capacity 5979K, committed 6016K, reserved 1048576K
Heap Regions: E=young(eden), S=young(survivor), O=old, HS=humongous(starts), HC=humongous(continues), CS=collection set, F=free, A=archive, TAMS=top-at-mark-start (previous, next)
|   0|0x0000000080000000, 0x0000000080100000, 0x0000000080100000|100%|HS|  |TAMS 0x0000000080100000, 0x0000000080000000| Complete 
|   1|0x0000000080100000, 0x0000000080200000, 0x0000000080200000|100%|HC|  |TAMS 0x0000000080200000, 0x0000000080100000| Complete 
|   2|0x0000000080200000, 0x0000000080300000, 0x0000000080300000|100%| O|  |TAMS 0x0000000080300000, 0x0000000080200000| Untracked 
|   3|0x0000000080300000, 0x0000000080400000, 0x0000000080400000|100%|HS|  |TAMS 0x0000000080400000, 0x0000000080300000| Complete 
|   4|0x0000000080400000, 0x0000000080500000, 0x0000000080500000|100%|HC|  |TAMS 0x0000000080500000, 0x0000000080400000| Complete 
|   5|0x0000000080500000, 0x0000000080600000, 0x0000000080600000|100%|HC|  |TAMS 0x0000000080600000, 0x0000000080500000| Complete 
|   6|0x0000000080600000, 0x0000000080700000, 0x0000000080700000|100%| O|  |TAMS 0x0000000080700000, 0x0000000080600000| Untracked 
|   7|0x0000000080700000, 0x0000000080800000, 0x0000000080800000|100%| O|  |TAMS 0x0000000080800000, 0x0000000080700000| Untracked 
|   8|0x0000000080800000, 0x0000000080900000, 0x0000000080900000|100%| O|  |TAMS 0x0000000080900000, 0x0000000080800000| Untracked 
|   9|0x0000000080900000, 0x0000000080a00000, 0x0000000080a00000|100%| O|  |TAMS 0x0000000080a00000, 0x0000000080900000| Untracked 
|  10|0x0000000080a00000, 0x0000000080b00000, 0x0000000080b00000|100%|HS|  |TAMS 0x0000000080b00000, 0x0000000080a00000| Complete 
|  11|0x0000000080b00000, 0x0000000080c00000, 0x0000000080c00000|100%|HC|  |TAMS 0x0000000080c00000, 0x0000000080b00000| Complete 
|  12|0x0000000080c00000, 0x0000000080d00000, 0x0000000080d00000|100%|HC|  |TAMS 0x0000000080d00000, 0x0000000080c00000| Complete 
|  13|0x0000000080d00000, 0x0000000080e00000, 0x0000000080e00000|100%|HS|  |TAMS 0x0000000080e00000, 0x0000000080d00000| Complete 
|  14|0x0000000080e00000, 0x0000000080f00000, 0x0000000080f00000|100%|HC|  |TAMS 0x0000000080f00000, 0x0000000080e00000| Complete 
|  15|0x0000000080f00000, 0x0000000081000000, 0x0000000081000000|100%|HC|  |TAMS 0x0000000081000000, 0x0000000080f00000| Complete 
|  16|0x0000000081000000, 0x0000000081100000, 0x0000000081100000|100%| O|  |TAMS 0x0000000081100000, 0x0000000081000000| Untracked 
|  17|0x0000000081100000, 0x0000000081200000, 0x0000000081200000|100%| O|  |TAMS 0x0000000081200000, 0x0000000081100000| Untracked 
|  18|0x0000000081200000, 0x0000000081300000, 0x0000000081300000|100%| O|  |TAMS 0x0000000081300000, 0x0000000081200000| Untracked 
|  19|0x0000000081300000, 0x0000000081400000, 0x0000000081400000|100%| O|  |TAMS 0x0000000081400000, 0x0000000081300000| Untracked 
|  20|0x0000000081400000, 0x0000000081500000, 0x0000000081500000|100%| O|  |TAMS 0x0000000081500000, 0x0000000081400000| Untracked 
|  21|0x0000000081500000, 0x0000000081600000, 0x0000000081600000|100%| O|  |TAMS 0x0000000081600000, 0x0000000081500000| Untracked 
|  22|0x0000000081600000, 0x0000000081700000, 0x0000000081700000|100%| O|  |TAMS 0x0000000081700000, 0x0000000081600000| Untracked 
|  23|0x0000000081700000, 0x0000000081800000, 0x0000000081800000|100%| O|  |TAMS 0x0000000081800000, 0x0000000081700000| Untracked 
|  24|0x0000000081800000, 0x0000000081900000, 0x0000000081900000|100%| O|  |TAMS 0x00000000818db600, 0x0000000081800000| Untracked 
|  25|0x0000000081900000, 0x0000000081a00000, 0x0000000081a00000|100%|HS|  |TAMS 0x0000000081a00000, 0x0000000081900000| Complete 
|  26|0x0000000081a00000, 0x0000000081b00000, 0x0000000081b00000|100%|HC|  |TAMS 0x0000000081b00000, 0x0000000081a00000| Complete 
|  27|0x0000000081b00000, 0x0000000081c00000, 0x0000000081c00000|100%|HC|  |TAMS 0x0000000081c00000, 0x0000000081b00000| Complete 
|  28|0x0000000081c00000, 0x0000000081d00000, 0x0000000081d00000|100%|HC|  |TAMS 0x0000000081d00000, 0x0000000081c00000| Complete 
|  29|0x0000000081d00000, 0x0000000081e00000, 0x0000000081e00000|100%|HS|  |TAMS 0x0000000081e00000, 0x0000000081d00000| Complete 
|  30|0x0000000081e00000, 0x0000000081f00000, 0x0000000081f00000|100%|HC|  |TAMS 0x0000000081f00000, 0x0000000081e00000| Complete 
|  31|0x0000000081f00000, 0x0000000082000000, 0x0000000082000000|100%|HC|  |TAMS 0x0000000082000000, 0x0000000081f00000| Complete 
|  32|0x0000000082000000, 0x0000000082100000, 0x0000000082100000|100%|HC|  |TAMS 0x0000000082100000, 0x0000000082000000| Complete 
|  33|0x0000000082100000, 0x0000000082200000, 0x0000000082200000|100%|HC|  |TAMS 0x0000000082200000, 0x0000000082100000| Complete 
|  34|0x0000000082200000, 0x0000000082300000, 0x0000000082300000|100%|HS|  |TAMS 0x0000000082300000, 0x0000000082200000| Complete 
|  35|0x0000000082300000, 0x0000000082400000, 0x0000000082400000|100%|HS|  |TAMS 0x0000000082300000, 0x0000000082300000| Complete 
|  36|0x0000000082400000, 0x0000000082500000, 0x0000000082500000|100%| O|  |TAMS 0x0000000082400000, 0x0000000082400000| Untracked 
|  37|0x0000000082500000, 0x0000000082600000, 0x0000000082600000|100%| O|  |TAMS 0x0000000082500000, 0x0000000082500000| Untracked 
|  38|0x0000000082600000, 0x0000000082700000, 0x0000000082700000|100%| O|  |TAMS 0x0000000082600000, 0x0000000082600000| Untracked 
|  39|0x0000000082700000, 0x0000000082800000, 0x0000000082800000|100%| O|  |TAMS 0x0000000082700000, 0x0000000082700000| Untracked 
|  40|0x0000000082800000, 0x0000000082900000, 0x0000000082900000|100%| O|  |TAMS 0x0000000082800000, 0x0000000082800000| Untracked 
|  41|0x0000000082900000, 0x0000000082a00000, 0x0000000082a00000|100%| O|  |TAMS 0x0000000082900000, 0x0000000082900000| Untracked 
|  42|0x0000000082a00000, 0x0000000082a88600, 0x0000000082b00000| 53%| O|  |TAMS 0x0000000082a00000, 0x0000000082a00000| Untracked 
|  43|0x0000000082b00000, 0x0000000082c00000, 0x0000000082c00000|100%|HS|  |TAMS 0x0000000082b00000, 0x0000000082b00000| Complete 
|  44|0x0000000082c00000, 0x0000000082d00000, 0x0000000082d00000|100%|HC|  |TAMS 0x0000000082c00000, 0x0000000082c00000| Complete 
|  45|0x0000000082d00000, 0x0000000082e00000, 0x0000000082e00000|100%|HC|  |TAMS 0x0000000082d00000, 0x0000000082d00000| Complete 
|  46|0x0000000082e00000, 0x0000000082f00000, 0x0000000082f00000|100%|HC|  |TAMS 0x0000000082e00000, 0x0000000082e00000| Complete 
|  47|0x0000000082f00000, 0x0000000083000000, 0x0000000083000000|100%|HC|  |TAMS 0x0000000082f00000, 0x0000000082f00000| Complete 
|  48|0x0000000083000000, 0x0000000083100000, 0x0000000083100000|100%|HS|  |TAMS 0x0000000083000000, 0x0000000083000000| Complete 
|  49|0x0000000083100000, 0x0000000083200000, 0x0000000083200000|100%| O|  |TAMS 0x0000000083100000, 0x0000000083100000| Untracked 
|  50|0x0000000083200000, 0x0000000083300000, 0x0000000083300000|100%| O|  |TAMS 0x0000000083200000, 0x0000000083200000| Untracked 
|  51|0x0000000083300000, 0x0000000083400000, 0x0000000083400000|100%| O|  |TAMS 0x0000000083300000, 0x0000000083300000| Untracked 
|  52|0x0000000083400000, 0x0000000083500000, 0x0000000083500000|100%| O|  |TAMS 0x0000000083400000, 0x0000000083400000| Untracked 
|  53|0x0000000083500000, 0x0000000083500000, 0x0000000083600000|  0%| F|  |TAMS 0x0000000083500000, 0x0000000083500000| Untracked 
|  54|0x0000000083600000, 0x0000000083600000, 0x0000000083700000|  0%| F|  |TAMS 0x0000000083600000, 0x0000000083600000| Untracked 
|  55|0x0000000083700000, 0x0000000083700000, 0x0000000083800000|  0%| F|  |TAMS 0x0000000083700000, 0x0000000083700000| Untracked 
|  56|0x0000000083800000, 0x0000000083800000, 0x0000000083900000|  0%| F|  |TAMS 0x0000000083800000, 0x0000000083800000| Untracked 
|  57|0x0000000083900000, 0x0000000083900000, 0x0000000083a00000|  0%| F|  |TAMS 0x0000000083900000, 0x0000000083900000| Untracked 
|  58|0x0000000083a00000, 0x0000000083a00000, 0x0000000083b00000|  0%| F|  |TAMS 0x0000000083a00000, 0x0000000083a00000| Untracked 
|  59|0x0000000083b00000, 0x0000000083b00000, 0x0000000083c00000|  0%| F|  |TAMS 0x0000000083b00000, 0x0000000083b00000| Untracked 
|  60|0x0000000083c00000, 0x0000000083c00000, 0x0000000083d00000|  0%| F|  |TAMS 0x0000000083c00000, 0x0000000083c00000| Untracked 
|  61|0x0000000083d00000, 0x0000000083d00000, 0x0000000083e00000|  0%| F|  |TAMS 0x0000000083d00000, 0x0000000083d00000| Untracked 
|  62|0x0000000083e00000, 0x0000000083e00000, 0x0000000083f00000|  0%| F|  |TAMS 0x0000000083e00000, 0x0000000083e00000| Untracked 
|  63|0x0000000083f00000, 0x0000000083f00000, 0x0000000084000000|  0%| F|  |TAMS 0x0000000083f00000, 0x0000000083f00000| Untracked 
|  64|0x0000000084000000, 0x0000000084000000, 0x0000000084100000|  0%| F|  |TAMS 0x0000000084000000, 0x0000000084000000| Untracked 
|  65|0x0000000084100000, 0x0000000084100000, 0x0000000084200000|  0%| F|  |TAMS 0x0000000084100000, 0x0000000084100000| Untracked 
|  66|0x0000000084200000, 0x0000000084200000, 0x0000000084300000|  0%| F|  |TAMS 0x0000000084200000, 0x0000000084200000| Untracked 
|  67|0x0000000084300000, 0x0000000084300000, 0x0000000084400000|  0%| F|  |TAMS 0x0000000084300000, 0x0000000084300000| Untracked 
|  68|0x0000000084400000, 0x0000000084400000, 0x0000000084500000|  0%| F|  |TAMS 0x0000000084400000, 0x0000000084400000| Untracked 
|  69|0x0000000084500000, 0x0000000084500000, 0x0000000084600000|  0%| F|  |TAMS 0x0000000084500000, 0x0000000084500000| Untracked 
|  70|0x0000000084600000, 0x0000000084600000, 0x0000000084700000|  0%| F|  |TAMS 0x0000000084600000, 0x0000000084600000| Untracked 
|  71|0x0000000084700000, 0x0000000084700000, 0x0000000084800000|  0%| F|  |TAMS 0x0000000084700000, 0x0000000084700000| Untracked 
|  72|0x0000000084800000, 0x0000000084800000, 0x0000000084900000|  0%| F|  |TAMS 0x0000000084800000, 0x0000000084800000| Untracked 
|  73|0x0000000084900000, 0x0000000084900000, 0x0000000084a00000|  0%| F|  |TAMS 0x0000000084900000, 0x0000000084900000| Untracked 
|  74|0x0000000084a00000, 0x0000000084a00000, 0x0000000084b00000|  0%| F|  |TAMS 0x0000000084a00000, 0x0000000084a00000| Untracked 
|  75|0x0000000084b00000, 0x0000000084b00000, 0x0000000084c00000|  0%| F|  |TAMS 0x0000000084b00000, 0x0000000084b00000| Untracked 
|  76|0x0000000084c00000, 0x0000000084c00000, 0x0000000084d00000|  0%| F|  |TAMS 0x0000000084c00000, 0x0000000084c00000| Untracked 
|  77|0x0000000084d00000, 0x0000000084d00000, 0x0000000084e00000|  0%| F|  |TAMS 0x0000000084d00000, 0x0000000084d00000| Untracked 
|  78|0x0000000084e00000, 0x0000000084e00000, 0x0000000084f00000|  0%| F|  |TAMS 0x0000000084e00000, 0x0000000084e00000| Untracked 
|  79|0x0000000084f00000, 0x0000000084f00000, 0x0000000085000000|  0%| F|  |TAMS 0x0000000084f00000, 0x0000000084f00000| Untracked 
|  80|0x0000000085000000, 0x0000000085000000, 0x0000000085100000|  0%| F|  |TAMS 0x0000000085000000, 0x0000000085000000| Untracked 
|  81|0x0000000085100000, 0x0000000085100000, 0x0000000085200000|  0%| F|  |TAMS 0x0000000085100000, 0x0000000085100000| Untracked 
|  82|0x0000000085200000, 0x0000000085200000, 0x0000000085300000|  0%| F|  |TAMS 0x0000000085200000, 0x0000000085200000| Untracked 
|  83|0x0000000085300000, 0x0000000085300000, 0x0000000085400000|  0%| F|  |TAMS 0x0000000085300000, 0x0000000085300000| Untracked 
|  84|0x0000000085400000, 0x0000000085400000, 0x0000000085500000|  0%| F|  |TAMS 0x0000000085400000, 0x0000000085400000| Untracked 
|  85|0x0000000085500000, 0x0000000085500000, 0x0000000085600000|  0%| F|  |TAMS 0x0000000085500000, 0x0000000085500000| Untracked 
|  86|0x0000000085600000, 0x0000000085600000, 0x0000000085700000|  0%| F|  |TAMS 0x0000000085600000, 0x0000000085600000| Untracked 
|  87|0x0000000085700000, 0x0000000085700000, 0x0000000085800000|  0%| F|  |TAMS 0x0000000085700000, 0x0000000085700000| Untracked 
|  88|0x0000000085800000, 0x0000000085800000, 0x0000000085900000|  0%| F|  |TAMS 0x0000000085800000, 0x0000000085800000| Untracked 
|  89|0x0000000085900000, 0x0000000085900000, 0x0000000085a00000|  0%| F|  |TAMS 0x0000000085900000, 0x0000000085900000| Untracked 
|  90|0x0000000085a00000, 0x0000000085a00000, 0x0000000085b00000|  0%| F|  |TAMS 0x0000000085a00000, 0x0000000085a00000| Untracked 
|  91|0x0000000085b00000, 0x0000000085b00000, 0x0000000085c00000|  0%| F|  |TAMS 0x0000000085b00000, 0x0000000085b00000| Untracked 
|  92|0x0000000085c00000, 0x0000000085c00000, 0x0000000085d00000|  0%| F|  |TAMS 0x0000000085c00000, 0x0000000085c00000| Untracked 
|  93|0x0000000085d00000, 0x0000000085d00000, 0x0000000085e00000|  0%| F|  |TAMS 0x0000000085d00000, 0x0000000085d00000| Untracked 
|  94|0x0000000085e00000, 0x0000000085e00000, 0x0000000085f00000|  0%| F|  |TAMS 0x0000000085e00000, 0x0000000085e00000| Untracked 
|  95|0x0000000085f00000, 0x0000000085f00000, 0x0000000086000000|  0%| F|  |TAMS 0x0000000085f00000, 0x0000000085f00000| Untracked 
|  96|0x0000000086000000, 0x0000000086000000, 0x0000000086100000|  0%| F|  |TAMS 0x0000000086000000, 0x0000000086000000| Untracked 
|  97|0x0000000086100000, 0x0000000086100000, 0x0000000086200000|  0%| F|  |TAMS 0x0000000086100000, 0x0000000086100000| Untracked 
|  98|0x0000000086200000, 0x0000000086219238, 0x0000000086300000|  9%| S|CS|TAMS 0x0000000086200000, 0x0000000086200000| Complete 
|  99|0x0000000086300000, 0x0000000086400000, 0x0000000086400000|100%| S|CS|TAMS 0x0000000086300000, 0x0000000086300000| Complete 
| 100|0x0000000086400000, 0x0000000086500000, 0x0000000086500000|100%| S|CS|TAMS 0x0000000086400000, 0x0000000086400000| Complete 
| 101|0x0000000086500000, 0x0000000086600000, 0x0000000086600000|100%| S|CS|TAMS 0x0000000086500000, 0x0000000086500000| Complete 
| 102|0x0000000086600000, 0x0000000086700000, 0x0000000086700000|100%| S|CS|TAMS 0x0000000086600000, 0x0000000086600000| Complete 
| 103|0x0000000086700000, 0x0000000086800000, 0x0000000086800000|100%| S|CS|TAMS 0x0000000086700000, 0x0000000086700000| Complete 
| 104|0x0000000086800000, 0x0000000086900000, 0x0000000086900000|100%| S|CS|TAMS 0x0000000086800000, 0x0000000086800000| Complete 
| 105|0x0000000086900000, 0x0000000086a00000, 0x0000000086a00000|100%| S|CS|TAMS 0x0000000086900000, 0x0000000086900000| Complete 
| 106|0x0000000086a00000, 0x0000000086b00000, 0x0000000086b00000|100%| S|CS|TAMS 0x0000000086a00000, 0x0000000086a00000| Complete 
| 107|0x0000000086b00000, 0x0000000086b00000, 0x0000000086c00000|  0%| F|  |TAMS 0x0000000086b00000, 0x0000000086b00000| Untracked 
| 108|0x0000000086c00000, 0x0000000086c00000, 0x0000000086d00000|  0%| F|  |TAMS 0x0000000086c00000, 0x0000000086c00000| Untracked 
| 109|0x0000000086d00000, 0x0000000086d00000, 0x0000000086e00000|  0%| F|  |TAMS 0x0000000086d00000, 0x0000000086d00000| Untracked 
| 110|0x0000000086e00000, 0x0000000086e00000, 0x0000000086f00000|  0%| F|  |TAMS 0x0000000086e00000, 0x0000000086e00000| Untracked 
| 111|0x0000000086f00000, 0x0000000086f00000, 0x0000000087000000|  0%| F|  |TAMS 0x0000000086f00000, 0x0000000086f00000| Untracked 
| 112|0x0000000087000000, 0x0000000087000000, 0x0000000087100000|  0%| F|  |TAMS 0x0000000087000000, 0x0000000087000000| Untracked 
| 113|0x0000000087100000, 0x0000000087100000, 0x0000000087200000|  0%| F|  |TAMS 0x0000000087100000, 0x0000000087100000| Untracked 
| 114|0x0000000087200000, 0x0000000087200000, 0x0000000087300000|  0%| F|  |TAMS 0x0000000087200000, 0x0000000087200000| Untracked 
| 115|0x0000000087300000, 0x0000000087300000, 0x0000000087400000|  0%| F|  |TAMS 0x0000000087300000, 0x0000000087300000| Untracked 
| 116|0x0000000087400000, 0x0000000087400000, 0x0000000087500000|  0%| F|  |TAMS 0x0000000087400000, 0x0000000087400000| Untracked 
| 117|0x0000000087500000, 0x0000000087500000, 0x0000000087600000|  0%| F|  |TAMS 0x0000000087500000, 0x0000000087500000| Untracked 
| 118|0x0000000087600000, 0x0000000087600000, 0x0000000087700000|  0%| F|  |TAMS 0x0000000087600000, 0x0000000087600000| Untracked 
| 119|0x0000000087700000, 0x0000000087700000, 0x0000000087800000|  0%| F|  |TAMS 0x0000000087700000, 0x0000000087700000| Untracked 
| 120|0x0000000087800000, 0x0000000087800000, 0x0000000087900000|  0%| F|  |TAMS 0x0000000087800000, 0x0000000087800000| Untracked 
| 121|0x0000000087900000, 0x0000000087900000, 0x0000000087a00000|  0%| F|  |TAMS 0x0000000087900000, 0x0000000087900000| Untracked 
| 122|0x0000000087a00000, 0x0000000087a00000, 0x0000000087b00000|  0%| F|  |TAMS 0x0000000087a00000, 0x0000000087a00000| Untracked 
| 123|0x0000000087b00000, 0x0000000087b00000, 0x0000000087c00000|  0%| F|  |TAMS 0x0000000087b00000, 0x0000000087b00000| Untracked 
| 124|0x0000000087c00000, 0x0000000087c00000, 0x0000000087d00000|  0%| F|  |TAMS 0x0000000087c00000, 0x0000000087c00000| Untracked 
| 125|0x0000000087d00000, 0x0000000087d00000, 0x0000000087e00000|  0%| F|  |TAMS 0x0000000087d00000, 0x0000000087d00000| Untracked 
| 126|0x0000000087e00000, 0x0000000087e00000, 0x0000000087f00000|  0%| F|  |TAMS 0x0000000087e00000, 0x0000000087e00000| Untracked 
| 127|0x0000000087f00000, 0x0000000087f00000, 0x0000000088000000|  0%| F|  |TAMS 0x0000000087f00000, 0x0000000087f00000| Untracked 
| 128|0x0000000088000000, 0x0000000088000000, 0x0000000088100000|  0%| F|  |TAMS 0x0000000088000000, 0x0000000088000000| Untracked 
| 129|0x0000000088100000, 0x0000000088100000, 0x0000000088200000|  0%| F|  |TAMS 0x0000000088100000, 0x0000000088100000| Untracked 
| 130|0x0000000088200000, 0x0000000088200000, 0x0000000088300000|  0%| F|  |TAMS 0x0000000088200000, 0x0000000088200000| Untracked 
| 131|0x0000000088300000, 0x0000000088300000, 0x0000000088400000|  0%| F|  |TAMS 0x0000000088300000, 0x0000000088300000| Untracked 
| 132|0x0000000088400000, 0x0000000088400000, 0x0000000088500000|  0%| F|  |TAMS 0x0000000088400000, 0x0000000088400000| Untracked 
| 133|0x0000000088500000, 0x0000000088500000, 0x0000000088600000|  0%| F|  |TAMS 0x0000000088500000, 0x0000000088500000| Untracked 
| 134|0x0000000088600000, 0x0000000088600000, 0x0000000088700000|  0%| F|  |TAMS 0x0000000088600000, 0x0000000088600000| Untracked 
| 135|0x0000000088700000, 0x0000000088700000, 0x0000000088800000|  0%| F|  |TAMS 0x0000000088700000, 0x0000000088700000| Untracked 
| 136|0x0000000088800000, 0x0000000088800000, 0x0000000088900000|  0%| F|  |TAMS 0x0000000088800000, 0x0000000088800000| Untracked 
| 137|0x0000000088900000, 0x0000000088900000, 0x0000000088a00000|  0%| F|  |TAMS 0x0000000088900000, 0x0000000088900000| Untracked 
| 138|0x0000000088a00000, 0x0000000088a00000, 0x0000000088b00000|  0%| F|  |TAMS 0x0000000088a00000, 0x0000000088a00000| Untracked 
| 139|0x0000000088b00000, 0x0000000088b00000, 0x0000000088c00000|  0%| F|  |TAMS 0x0000000088b00000, 0x0000000088b00000| Untracked 
| 140|0x0000000088c00000, 0x0000000088c00000, 0x0000000088d00000|  0%| F|  |TAMS 0x0000000088c00000, 0x0000000088c00000| Untracked 
| 141|0x0000000088d00000, 0x0000000088d00000, 0x0000000088e00000|  0%| F|  |TAMS 0x0000000088d00000, 0x0000000088d00000| Untracked 
| 142|0x0000000088e00000, 0x0000000088e00000, 0x0000000088f00000|  0%| F|  |TAMS 0x0000000088e00000, 0x0000000088e00000| Untracked 
| 143|0x0000000088f00000, 0x0000000088f00000, 0x0000000089000000|  0%| F|  |TAMS 0x0000000088f00000, 0x0000000088f00000| Untracked 
| 144|0x0000000089000000, 0x0000000089000000, 0x0000000089100000|  0%| F|  |TAMS 0x0000000089000000, 0x0000000089000000| Untracked 
| 145|0x0000000089100000, 0x0000000089100000, 0x0000000089200000|  0%| F|  |TAMS 0x0000000089100000, 0x0000000089100000| Untracked 
| 146|0x0000000089200000, 0x0000000089200000, 0x0000000089300000|  0%| F|  |TAMS 0x0000000089200000, 0x0000000089200000| Untracked 
| 147|0x0000000089300000, 0x0000000089300000, 0x0000000089400000|  0%| F|  |TAMS 0x0000000089300000, 0x0000000089300000| Untracked 
| 148|0x0000000089400000, 0x0000000089400000, 0x0000000089500000|  0%| F|  |TAMS 0x0000000089400000, 0x0000000089400000| Untracked 
| 149|0x0000000089500000, 0x0000000089500000, 0x0000000089600000|  0%| F|  |TAMS 0x0000000089500000, 0x0000000089500000| Untracked 
| 150|0x0000000089600000, 0x0000000089600000, 0x0000000089700000|  0%| F|  |TAMS 0x0000000089600000, 0x0000000089600000| Untracked 
| 151|0x0000000089700000, 0x0000000089700000, 0x0000000089800000|  0%| F|  |TAMS 0x0000000089700000, 0x0000000089700000| Untracked 
| 152|0x0000000089800000, 0x0000000089800000, 0x0000000089900000|  0%| F|  |TAMS 0x0000000089800000, 0x0000000089800000| Untracked 
| 153|0x0000000089900000, 0x0000000089900000, 0x0000000089a00000|  0%| F|  |TAMS 0x0000000089900000, 0x0000000089900000| Untracked 
| 154|0x0000000089a00000, 0x0000000089a00000, 0x0000000089b00000|  0%| F|  |TAMS 0x0000000089a00000, 0x0000000089a00000| Untracked 
| 155|0x0000000089b00000, 0x0000000089b00000, 0x0000000089c00000|  0%| F|  |TAMS 0x0000000089b00000, 0x0000000089b00000| Untracked 
| 156|0x0000000089c00000, 0x0000000089c00000, 0x0000000089d00000|  0%| F|  |TAMS 0x0000000089c00000, 0x0000000089c00000| Untracked 
| 157|0x0000000089d00000, 0x0000000089d00000, 0x0000000089e00000|  0%| F|  |TAMS 0x0000000089d00000, 0x0000000089d00000| Untracked 
| 158|0x0000000089e00000, 0x0000000089e00000, 0x0000000089f00000|  0%| F|  |TAMS 0x0000000089e00000, 0x0000000089e00000| Untracked 
| 159|0x0000000089f00000, 0x0000000089f00000, 0x000000008a000000|  0%| F|  |TAMS 0x0000000089f00000, 0x0000000089f00000| Untracked 
| 160|0x000000008a000000, 0x000000008a000000, 0x000000008a100000|  0%| F|  |TAMS 0x000000008a000000, 0x000000008a000000| Untracked 
| 161|0x000000008a100000, 0x000000008a100000, 0x000000008a200000|  0%| F|  |TAMS 0x000000008a100000, 0x000000008a100000| Untracked 
| 162|0x000000008a200000, 0x000000008a200000, 0x000000008a300000|  0%| F|  |TAMS 0x000000008a200000, 0x000000008a200000| Untracked 
| 163|0x000000008a300000, 0x000000008a300000, 0x000000008a400000|  0%| F|  |TAMS 0x000000008a300000, 0x000000008a300000| Untracked 
| 164|0x000000008a400000, 0x000000008a400000, 0x000000008a500000|  0%| F|  |TAMS 0x000000008a400000, 0x000000008a400000| Untracked 
| 165|0x000000008a500000, 0x000000008a500000, 0x000000008a600000|  0%| F|  |TAMS 0x000000008a500000, 0x000000008a500000| Untracked 
| 166|0x000000008a600000, 0x000000008a600000, 0x000000008a700000|  0%| F|  |TAMS 0x000000008a600000, 0x000000008a600000| Untracked 
| 167|0x000000008a700000, 0x000000008a700000, 0x000000008a800000|  0%| F|  |TAMS 0x000000008a700000, 0x000000008a700000| Untracked 
| 168|0x000000008a800000, 0x000000008a800000, 0x000000008a900000|  0%| F|  |TAMS 0x000000008a800000, 0x000000008a800000| Untracked 
| 169|0x000000008a900000, 0x000000008a900000, 0x000000008aa00000|  0%| F|  |TAMS 0x000000008a900000, 0x000000008a900000| Untracked 
| 170|0x000000008aa00000, 0x000000008aa00000, 0x000000008ab00000|  0%| F|  |TAMS 0x000000008aa00000, 0x000000008aa00000| Untracked 
| 171|0x000000008ab00000, 0x000000008ab00000, 0x000000008ac00000|  0%| F|  |TAMS 0x000000008ab00000, 0x000000008ab00000| Untracked 
| 172|0x000000008ac00000, 0x000000008ac00000, 0x000000008ad00000|  0%| F|  |TAMS 0x000000008ac00000, 0x000000008ac00000| Untracked 
| 173|0x000000008ad00000, 0x000000008ad00000, 0x000000008ae00000|  0%| F|  |TAMS 0x000000008ad00000, 0x000000008ad00000| Untracked 
| 174|0x000000008ae00000, 0x000000008ae00000, 0x000000008af00000|  0%| F|  |TAMS 0x000000008ae00000, 0x000000008ae00000| Untracked 
| 175|0x000000008af00000, 0x000000008af00000, 0x000000008b000000|  0%| F|  |TAMS 0x000000008af00000, 0x000000008af00000| Untracked 
| 176|0x000000008b000000, 0x000000008b000000, 0x000000008b100000|  0%| F|  |TAMS 0x000000008b000000, 0x000000008b000000| Untracked 
| 177|0x000000008b100000, 0x000000008b100000, 0x000000008b200000|  0%| F|  |TAMS 0x000000008b100000, 0x000000008b100000| Untracked 
| 178|0x000000008b200000, 0x000000008b200000, 0x000000008b300000|  0%| F|  |TAMS 0x000000008b200000, 0x000000008b200000| Untracked 
| 179|0x000000008b300000, 0x000000008b300000, 0x000000008b400000|  0%| F|  |TAMS 0x000000008b300000, 0x000000008b300000| Untracked 
| 180|0x000000008b400000, 0x000000008b400000, 0x000000008b500000|  0%| F|  |TAMS 0x000000008b400000, 0x000000008b400000| Untracked 
| 181|0x000000008b500000, 0x000000008b500000, 0x000000008b600000|  0%| F|  |TAMS 0x000000008b500000, 0x000000008b500000| Untracked 
| 182|0x000000008b600000, 0x000000008b600000, 0x000000008b700000|  0%| F|  |TAMS 0x000000008b600000, 0x000000008b600000| Untracked 
| 183|0x000000008b700000, 0x000000008b700000, 0x000000008b800000|  0%| F|  |TAMS 0x000000008b700000, 0x000000008b700000| Untracked 
| 184|0x000000008b800000, 0x000000008b800000, 0x000000008b900000|  0%| F|  |TAMS 0x000000008b800000, 0x000000008b800000| Untracked 
| 185|0x000000008b900000, 0x000000008b900000, 0x000000008ba00000|  0%| F|  |TAMS 0x000000008b900000, 0x000000008b900000| Untracked 
| 186|0x000000008ba00000, 0x000000008ba00000, 0x000000008bb00000|  0%| F|  |TAMS 0x000000008ba00000, 0x000000008ba00000| Untracked 
| 187|0x000000008bb00000, 0x000000008bb84010, 0x000000008bc00000| 51%| E|  |TAMS 0x000000008bb00000, 0x000000008bb00000| Complete 
| 188|0x000000008bc00000, 0x000000008bd00000, 0x000000008bd00000|100%| E|CS|TAMS 0x000000008bc00000, 0x000000008bc00000| Complete 
| 189|0x000000008bd00000, 0x000000008be00000, 0x000000008be00000|100%| E|CS|TAMS 0x000000008bd00000, 0x000000008bd00000| Complete 
| 190|0x000000008be00000, 0x000000008bf00000, 0x000000008bf00000|100%| E|CS|TAMS 0x000000008be00000, 0x000000008be00000| Complete 
| 191|0x000000008bf00000, 0x000000008c000000, 0x000000008c000000|100%| E|CS|TAMS 0x000000008bf00000, 0x000000008bf00000| Complete 
| 192|0x000000008c000000, 0x000000008c100000, 0x000000008c100000|100%| E|CS|TAMS 0x000000008c000000, 0x000000008c000000| Complete 
| 193|0x000000008c100000, 0x000000008c200000, 0x000000008c200000|100%| E|CS|TAMS 0x000000008c100000, 0x000000008c100000| Complete 
| 194|0x000000008c200000, 0x000000008c300000, 0x000000008c300000|100%| E|CS|TAMS 0x000000008c200000, 0x000000008c200000| Complete 
| 195|0x000000008c300000, 0x000000008c400000, 0x000000008c400000|100%| E|CS|TAMS 0x000000008c300000, 0x000000008c300000| Complete 
| 196|0x000000008c400000, 0x000000008c500000, 0x000000008c500000|100%| E|CS|TAMS 0x000000008c400000, 0x000000008c400000| Complete 
| 197|0x000000008c500000, 0x000000008c600000, 0x000000008c600000|100%| E|CS|TAMS 0x000000008c500000, 0x000000008c500000| Complete 
| 198|0x000000008c600000, 0x000000008c700000, 0x000000008c700000|100%| E|CS|TAMS 0x000000008c600000, 0x000000008c600000| Complete 
| 199|0x000000008c700000, 0x000000008c800000, 0x000000008c800000|100%| E|CS|TAMS 0x000000008c700000, 0x000000008c700000| Complete 
| 200|0x000000008c800000, 0x000000008c900000, 0x000000008c900000|100%| E|CS|TAMS 0x000000008c800000, 0x000000008c800000| Complete 
| 201|0x000000008c900000, 0x000000008ca00000, 0x000000008ca00000|100%| E|CS|TAMS 0x000000008c900000, 0x000000008c900000| Complete 
| 202|0x000000008ca00000, 0x000000008cb00000, 0x000000008cb00000|100%| E|CS|TAMS 0x000000008ca00000, 0x000000008ca00000| Complete 
| 203|0x000000008cb00000, 0x000000008cc00000, 0x000000008cc00000|100%| E|CS|TAMS 0x000000008cb00000, 0x000000008cb00000| Complete 
| 204|0x000000008cc00000, 0x000000008cd00000, 0x000000008cd00000|100%| E|CS|TAMS 0x000000008cc00000, 0x000000008cc00000| Complete 
| 205|0x000000008cd00000, 0x000000008ce00000, 0x000000008ce00000|100%| E|CS|TAMS 0x000000008cd00000, 0x000000008cd00000| Complete 
| 206|0x000000008ce00000, 0x000000008cf00000, 0x000000008cf00000|100%| E|CS|TAMS 0x000000008ce00000, 0x000000008ce00000| Complete 
| 207|0x000000008cf00000, 0x000000008d000000, 0x000000008d000000|100%| E|CS|TAMS 0x000000008cf00000, 0x000000008cf00000| Complete 
| 208|0x000000008d000000, 0x000000008d100000, 0x000000008d100000|100%| E|CS|TAMS 0x000000008d000000, 0x000000008d000000| Complete 
| 209|0x000000008d100000, 0x000000008d200000, 0x000000008d200000|100%| E|CS|TAMS 0x000000008d100000, 0x000000008d100000| Complete 
| 210|0x000000008d200000, 0x000000008d300000, 0x000000008d300000|100%| E|CS|TAMS 0x000000008d200000, 0x000000008d200000| Complete 
| 211|0x000000008d300000, 0x000000008d400000, 0x000000008d400000|100%| E|CS|TAMS 0x000000008d300000, 0x000000008d300000| Complete 
| 212|0x000000008d400000, 0x000000008d500000, 0x000000008d500000|100%| E|CS|TAMS 0x000000008d400000, 0x000000008d400000| Complete 
| 213|0x000000008d500000, 0x000000008d600000, 0x000000008d600000|100%| E|CS|TAMS 0x000000008d500000, 0x000000008d500000| Complete 
| 214|0x000000008d600000, 0x000000008d700000, 0x000000008d700000|100%| E|CS|TAMS 0x000000008d600000, 0x000000008d600000| Complete 
| 215|0x000000008d700000, 0x000000008d800000, 0x000000008d800000|100%| E|CS|TAMS 0x000000008d700000, 0x000000008d700000| Complete 
| 216|0x000000008d800000, 0x000000008d900000, 0x000000008d900000|100%| E|CS|TAMS 0x000000008d800000, 0x000000008d800000| Complete 
| 217|0x000000008d900000, 0x000000008da00000, 0x000000008da00000|100%| E|CS|TAMS 0x000000008d900000, 0x000000008d900000| Complete 
| 218|0x000000008da00000, 0x000000008db00000, 0x000000008db00000|100%| E|CS|TAMS 0x000000008da00000, 0x000000008da00000| Complete 
| 219|0x000000008db00000, 0x000000008dc00000, 0x000000008dc00000|100%| E|CS|TAMS 0x000000008db00000, 0x000000008db00000| Complete 
| 220|0x000000008dc00000, 0x000000008dd00000, 0x000000008dd00000|100%| E|CS|TAMS 0x000000008dc00000, 0x000000008dc00000| Complete 
| 221|0x000000008dd00000, 0x000000008de00000, 0x000000008de00000|100%| E|CS|TAMS 0x000000008dd00000, 0x000000008dd00000| Complete 
| 222|0x000000008de00000, 0x000000008df00000, 0x000000008df00000|100%| E|CS|TAMS 0x000000008de00000, 0x000000008de00000| Complete 
| 223|0x000000008df00000, 0x000000008e000000, 0x000000008e000000|100%| E|CS|TAMS 0x000000008df00000, 0x000000008df00000| Complete 
| 224|0x000000008e000000, 0x000000008e100000, 0x000000008e100000|100%| E|CS|TAMS 0x000000008e000000, 0x000000008e000000| Complete 
| 225|0x000000008e100000, 0x000000008e200000, 0x000000008e200000|100%| E|CS|TAMS 0x000000008e100000, 0x000000008e100000| Complete 
| 226|0x000000008e200000, 0x000000008e300000, 0x000000008e300000|100%| E|CS|TAMS 0x000000008e200000, 0x000000008e200000| Complete 
| 227|0x000000008e300000, 0x000000008e400000, 0x000000008e400000|100%| E|CS|TAMS 0x000000008e300000, 0x000000008e300000| Complete 
| 228|0x000000008e400000, 0x000000008e500000, 0x000000008e500000|100%| E|CS|TAMS 0x000000008e400000, 0x000000008e400000| Complete 
| 229|0x000000008e500000, 0x000000008e600000, 0x000000008e600000|100%| E|CS|TAMS 0x000000008e500000, 0x000000008e500000| Complete 
| 230|0x000000008e600000, 0x000000008e700000, 0x000000008e700000|100%| E|CS|TAMS 0x000000008e600000, 0x000000008e600000| Complete 
| 231|0x000000008e700000, 0x000000008e800000, 0x000000008e800000|100%| E|CS|TAMS 0x000000008e700000, 0x000000008e700000| Complete 
| 232|0x000000008e800000, 0x000000008e900000, 0x000000008e900000|100%| E|CS|TAMS 0x000000008e800000, 0x000000008e800000| Complete 
| 233|0x000000008e900000, 0x000000008ea00000, 0x000000008ea00000|100%| E|CS|TAMS 0x000000008e900000, 0x000000008e900000| Complete 
| 234|0x000000008ea00000, 0x000000008eb00000, 0x000000008eb00000|100%| E|CS|TAMS 0x000000008ea00000, 0x000000008ea00000| Complete 
| 235|0x000000008eb00000, 0x000000008ec00000, 0x000000008ec00000|100%| E|CS|TAMS 0x000000008eb00000, 0x000000008eb00000| Complete 
| 236|0x000000008ec00000, 0x000000008ed00000, 0x000000008ed00000|100%| E|CS|TAMS 0x000000008ec00000, 0x000000008ec00000| Complete 
| 237|0x000000008ed00000, 0x000000008ee00000, 0x000000008ee00000|100%| E|CS|TAMS 0x000000008ed00000, 0x000000008ed00000| Complete 
| 238|0x000000008ee00000, 0x000000008ef00000, 0x000000008ef00000|100%| E|CS|TAMS 0x000000008ee00000, 0x000000008ee00000| Complete 
| 239|0x000000008ef00000, 0x000000008f000000, 0x000000008f000000|100%| E|CS|TAMS 0x000000008ef00000, 0x000000008ef00000| Complete 
| 240|0x000000008f000000, 0x000000008f100000, 0x000000008f100000|100%| E|CS|TAMS 0x000000008f000000, 0x000000008f000000| Complete 
| 241|0x000000008f100000, 0x000000008f200000, 0x000000008f200000|100%| E|CS|TAMS 0x000000008f100000, 0x000000008f100000| Complete 
| 242|0x000000008f200000, 0x000000008f300000, 0x000000008f300000|100%| E|CS|TAMS 0x000000008f200000, 0x000000008f200000| Complete 
| 243|0x000000008f300000, 0x000000008f400000, 0x000000008f400000|100%| E|CS|TAMS 0x000000008f300000, 0x000000008f300000| Complete 
| 244|0x000000008f400000, 0x000000008f500000, 0x000000008f500000|100%| E|CS|TAMS 0x000000008f400000, 0x000000008f400000| Complete 
| 245|0x000000008f500000, 0x000000008f600000, 0x000000008f600000|100%| E|CS|TAMS 0x000000008f500000, 0x000000008f500000| Complete 
| 246|0x000000008f600000, 0x000000008f700000, 0x000000008f700000|100%| E|CS|TAMS 0x000000008f600000, 0x000000008f600000| Complete 
| 247|0x000000008f700000, 0x000000008f800000, 0x000000008f800000|100%| E|CS|TAMS 0x000000008f700000, 0x000000008f700000| Complete 

Card table byte_map: [0x000001c5eda10000,0x000001c5ede10000] _byte_map_base: 0x000001c5ed610000

Marking Bits (Prev, Next): (CMBitMap*) 0x000001c5da29db08, (CMBitMap*) 0x000001c5da29db40
 Prev Bits: [0x000001c5ee210000, 0x000001c5f0210000)
 Next Bits: [0x000001c5f0210000, 0x000001c5f2210000)

Polling page: 0x000001c5d8270000

Metaspace:

Usage:
  Non-class:     38.46 MB capacity,    37.81 MB ( 98%) used,   561.64 KB (  1%) free+waste,   110.88 KB ( <1%) overhead. 
      Class:      5.84 MB capacity,     5.45 MB ( 93%) used,   347.52 KB (  6%) free+waste,    53.06 KB ( <1%) overhead. 
       Both:     44.30 MB capacity,    43.25 MB ( 98%) used,   909.16 KB (  2%) free+waste,   163.94 KB ( <1%) overhead. 

Virtual space:
  Non-class space:       40.00 MB reserved,      38.67 MB ( 97%) committed 
      Class space:        1.00 GB reserved,       5.88 MB ( <1%) committed 
             Both:        1.04 GB reserved,      44.55 MB (  4%) committed 

Chunk freelists:
   Non-Class:  23.00 KB
       Class:  5.00 KB
        Both:  28.00 KB

MaxMetaspaceSize: 17179869184.00 GB
CompressedClassSpaceSize: 1.00 GB
Initial GC threshold: 20.80 MB
Current GC threshold: 58.83 MB
CDS: off

CodeHeap 'non-profiled nmethods': size=119168Kb used=4142Kb max_used=4142Kb free=115025Kb
 bounds [0x000001c5e5920000, 0x000001c5e5d30000, 0x000001c5ecd80000]
CodeHeap 'profiled nmethods': size=119168Kb used=10405Kb max_used=10405Kb free=108762Kb
 bounds [0x000001c5de4c0000, 0x000001c5deef0000, 0x000001c5e5920000]
CodeHeap 'non-nmethods': size=7424Kb used=3973Kb max_used=4102Kb free=3450Kb
 bounds [0x000001c5ddd80000, 0x000001c5de190000, 0x000001c5de4c0000]
 total_blobs=5590 nmethods=4808 adapters=691
 compilation: enabled
              stopped_count=0, restarted_count=0
 full_count=0

Compilation events (20 events):
Event: 7.025 Thread 0x000001c5fb201800 nmethod 4820 0x000001c5e5d05e90 code [0x000001c5e5d06020, 0x000001c5e5d06158]
Event: 7.025 Thread 0x000001c5fb201800 4818       4       java.util.zip.ZipFile$ZipFileInputStream::initDataOffset (109 bytes)
Event: 7.031 Thread 0x000001c5fb201800 nmethod 4818 0x000001c5e5d06210 code [0x000001c5e5d063e0, 0x000001c5e5d069f8]
Event: 7.031 Thread 0x000001c5fb201800 4819   !   4       java.util.zip.ZipFile$Source::readAt (39 bytes)
Event: 7.034 Thread 0x000001c5fb201800 nmethod 4819 0x000001c5e5d06e10 code [0x000001c5e5d06fc0, 0x000001c5e5d073f8]
Event: 7.034 Thread 0x000001c5fb201800 4587       4       org.objectweb.asm.Symbol::getArgumentsAndReturnSizes (23 bytes)
Event: 7.050 Thread 0x000001c5fb201800 nmethod 4587 0x000001c5e5d07690 code [0x000001c5e5d07840, 0x000001c5e5d07e58]
Event: 7.051 Thread 0x000001c5fb0b0800 nmethod 4817 0x000001c5e5d08390 code [0x000001c5e5d085c0, 0x000001c5e5d09e50]
Event: 7.060 Thread 0x000001c5fb1ff800 nmethod 4795 0x000001c5e5d0ab90 code [0x000001c5e5d0ae80, 0x000001c5e5d0d3e0]
Event: 7.086 Thread 0x000001c582218800 nmethod 4695 0x000001c5e5d0ef90 code [0x000001c5e5d0f680, 0x000001c5e5d1da08]
Event: 7.102 Thread 0x000001c5fb201800 4821       4       org.objectweb.asm.MethodWriter::hasFrames (13 bytes)
Event: 7.102 Thread 0x000001c5fb201800 nmethod 4821 0x000001c5e5d23810 code [0x000001c5e5d239a0, 0x000001c5e5d23a18]
Event: 7.106 Thread 0x000001c5fb0b0800 4822       4       org.objectweb.asm.ClassWriter::visitField (53 bytes)
Event: 7.106 Thread 0x000001c5fb1ff800 4823       4       org.objectweb.asm.FieldVisitor::<init> (94 bytes)
Event: 7.106 Thread 0x000001c582218800 4824       4       org.objectweb.asm.FieldWriter::<init> (69 bytes)
Event: 7.106 Thread 0x000001c5fb201800 4825       4       org.objectweb.asm.ClassWriter::<init> (68 bytes)
Event: 7.108 Thread 0x000001c5fb1ff800 nmethod 4823 0x000001c5e5d23b10 code [0x000001c5e5d23ca0, 0x000001c5e5d23df8]
Event: 7.108 Thread 0x000001c5fb1ff800 4827       4       org.objectweb.asm.ClassWriter::visit (160 bytes)
Event: 7.109 Thread 0x000001c582218800 nmethod 4824 0x000001c5e5d23e90 code [0x000001c5e5d24060, 0x000001c5e5d242d0]
Event: 7.109 Thread 0x000001c582218800 4829       4       org.objectweb.asm.SymbolTable::addConstantClass (8 bytes)

GC Heap History (14 events):
Event: 0.492 GC heap before
{Heap before GC invocations=0 (full 0):
 garbage-first heap   total 253952K, used 29696K [0x0000000080000000, 0x0000000100000000)
  region size 1024K, 24 young (24576K), 0 survivors (0K)
 Metaspace       used 9814K, capacity 10032K, committed 10368K, reserved 1058816K
  class space    used 1001K, capacity 1069K, committed 1152K, reserved 1048576K
}
Event: 0.494 GC heap after
{Heap after GC invocations=1 (full 0):
 garbage-first heap   total 253952K, used 9483K [0x0000000080000000, 0x0000000100000000)
  region size 1024K, 3 young (3072K), 3 survivors (3072K)
 Metaspace       used 9814K, capacity 10032K, committed 10368K, reserved 1058816K
  class space    used 1001K, capacity 1069K, committed 1152K, reserved 1048576K
}
Event: 1.816 GC heap before
{Heap before GC invocations=1 (full 0):
 garbage-first heap   total 253952K, used 111883K [0x0000000080000000, 0x0000000100000000)
  region size 1024K, 104 young (106496K), 3 survivors (3072K)
 Metaspace       used 20757K, capacity 21164K, committed 21296K, reserved 1069056K
  class space    used 2503K, capacity 2663K, committed 2688K, reserved 1048576K
}
Event: 1.824 GC heap after
{Heap after GC invocations=2 (full 0):
 garbage-first heap   total 253952K, used 17059K [0x0000000080000000, 0x0000000100000000)
  region size 1024K, 11 young (11264K), 11 survivors (11264K)
 Metaspace       used 20757K, capacity 21164K, committed 21296K, reserved 1069056K
  class space    used 2503K, capacity 2663K, committed 2688K, reserved 1048576K
}
Event: 3.604 GC heap before
{Heap before GC invocations=3 (full 0):
 garbage-first heap   total 253952K, used 89763K [0x0000000080000000, 0x0000000100000000)
  region size 1024K, 74 young (75776K), 11 survivors (11264K)
 Metaspace       used 27275K, capacity 28071K, committed 28080K, reserved 1073152K
  class space    used 3545K, capacity 3838K, committed 3840K, reserved 1048576K
}
Event: 3.609 GC heap after
{Heap after GC invocations=4 (full 0):
 garbage-first heap   total 253952K, used 29859K [0x0000000080000000, 0x0000000100000000)
  region size 1024K, 5 young (5120K), 5 survivors (5120K)
 Metaspace       used 27275K, capacity 28071K, committed 28080K, reserved 1073152K
  class space    used 3545K, capacity 3838K, committed 3840K, reserved 1048576K
}
Event: 4.484 GC heap before
{Heap before GC invocations=4 (full 0):
 garbage-first heap   total 253952K, used 112803K [0x0000000080000000, 0x0000000100000000)
  region size 1024K, 78 young (79872K), 5 survivors (5120K)
 Metaspace       used 34972K, capacity 35842K, committed 35888K, reserved 1081344K
  class space    used 4620K, capacity 4961K, committed 4992K, reserved 1048576K
}
Event: 4.491 GC heap after
{Heap after GC invocations=5 (full 0):
 garbage-first heap   total 253952K, used 45933K [0x0000000080000000, 0x0000000100000000)
  region size 1024K, 10 young (10240K), 10 survivors (10240K)
 Metaspace       used 34972K, capacity 35842K, committed 35888K, reserved 1081344K
  class space    used 4620K, capacity 4961K, committed 4992K, reserved 1048576K
}
Event: 5.584 GC heap before
{Heap before GC invocations=6 (full 0):
 garbage-first heap   total 253952K, used 175981K [0x0000000080000000, 0x0000000100000000)
  region size 1024K, 124 young (126976K), 10 survivors (10240K)
 Metaspace       used 44249K, capacity 45300K, committed 45360K, reserved 1089536K
  class space    used 5577K, capacity 5979K, committed 6016K, reserved 1048576K
}
Event: 5.593 GC heap after
{Heap after GC invocations=7 (full 0):
 garbage-first heap   total 253952K, used 60908K [0x0000000080000000, 0x0000000100000000)
  region size 1024K, 15 young (15360K), 15 survivors (15360K)
 Metaspace       used 44249K, capacity 45300K, committed 45360K, reserved 1089536K
  class space    used 5577K, capacity 5979K, committed 6016K, reserved 1048576K
}
Event: 6.141 GC heap before
{Heap before GC invocations=7 (full 0):
 garbage-first heap   total 253952K, used 179692K [0x0000000080000000, 0x0000000100000000)
  region size 1024K, 131 young (134144K), 15 survivors (15360K)
 Metaspace       used 44288K, capacity 45364K, committed 45616K, reserved 1089536K
  class space    used 5577K, capacity 5979K, committed 6016K, reserved 1048576K
}
Event: 6.145 GC heap after
{Heap after GC invocations=8 (full 0):
 garbage-first heap   total 253952K, used 59169K [0x0000000080000000, 0x0000000100000000)
  region size 1024K, 8 young (8192K), 8 survivors (8192K)
 Metaspace       used 44288K, capacity 45364K, committed 45616K, reserved 1089536K
  class space    used 5577K, capacity 5979K, committed 6016K, reserved 1048576K
}
Event: 6.780 GC heap before
{Heap before GC invocations=8 (full 0):
 garbage-first heap   total 253952K, used 195361K [0x0000000080000000, 0x0000000100000000)
  region size 1024K, 141 young (144384K), 8 survivors (8192K)
 Metaspace       used 44289K, capacity 45364K, committed 45616K, reserved 1089536K
  class space    used 5577K, capacity 5979K, committed 6016K, reserved 1048576K
}
Event: 6.785 GC heap after
{Heap after GC invocations=9 (full 0):
 garbage-first heap   total 253952K, used 60038K [0x0000000080000000, 0x0000000100000000)
  region size 1024K, 9 young (9216K), 9 survivors (9216K)
 Metaspace       used 44289K, capacity 45364K, committed 45616K, reserved 1089536K
  class space    used 5577K, capacity 5979K, committed 6016K, reserved 1048576K
}

Deoptimization events (20 events):
Event: 6.202 Thread 0x000001c5f5e5a800 DEOPT PACKING pc=0x000001c5deea92f6 sp=0x00000024263fe1f0
Event: 6.202 Thread 0x000001c5f5e5a800 DEOPT UNPACKING pc=0x000001c5dddca95e sp=0x00000024263fd710 mode 0
Event: 6.217 Thread 0x000001c5f5e5a800 DEOPT PACKING pc=0x000001c5deea92f6 sp=0x00000024263fe1f0
Event: 6.217 Thread 0x000001c5f5e5a800 DEOPT UNPACKING pc=0x000001c5dddca95e sp=0x00000024263fd710 mode 0
Event: 6.533 Thread 0x000001c5f5e5a800 Uncommon trap: trap_request=0xffffff4d fr.pc=0x000001c5e5ba5d94 relative=0x0000000000000934
Event: 6.533 Thread 0x000001c5f5e5a800 Uncommon trap: reason=unstable_if action=reinterpret pc=0x000001c5e5ba5d94 method=org.objectweb.asm.ClassReader.readUtf(II[C)Ljava/lang/String; @ 69 c2
Event: 6.533 Thread 0x000001c5f5e5a800 DEOPT PACKING pc=0x000001c5e5ba5d94 sp=0x00000024263fdd10
Event: 6.533 Thread 0x000001c5f5e5a800 DEOPT UNPACKING pc=0x000001c5dddca1af sp=0x00000024263fdba8 mode 2
Event: 6.727 Thread 0x000001c5f5e5a800 Uncommon trap: trap_request=0xffffffdc fr.pc=0x000001c5e5c93954 relative=0x0000000000000f94
Event: 6.727 Thread 0x000001c5f5e5a800 Uncommon trap: reason=class_check action=make_not_entrant pc=0x000001c5e5c93954 method=java.util.ArrayList.toArray([Ljava/lang/Object;)[Ljava/lang/Object; @ 21 c2
Event: 6.727 Thread 0x000001c5f5e5a800 DEOPT PACKING pc=0x000001c5e5c93954 sp=0x00000024263fe100
Event: 6.727 Thread 0x000001c5f5e5a800 DEOPT UNPACKING pc=0x000001c5dddca1af sp=0x00000024263fe070 mode 2
Event: 6.798 Thread 0x000001c5f5e5a800 Uncommon trap: trap_request=0xffffff4d fr.pc=0x000001c5e5bd9738 relative=0x0000000000001a98
Event: 6.798 Thread 0x000001c5f5e5a800 Uncommon trap: reason=unstable_if action=reinterpret pc=0x000001c5e5bd9738 method=org.objectweb.asm.AnnotationWriter.visit(Ljava/lang/String;Ljava/lang/Object;)V @ 105 c2
Event: 6.798 Thread 0x000001c5f5e5a800 DEOPT PACKING pc=0x000001c5e5bd9738 sp=0x00000024263fddb0
Event: 6.798 Thread 0x000001c5f5e5a800 DEOPT UNPACKING pc=0x000001c5dddca1af sp=0x00000024263fdd78 mode 2
Event: 6.798 Thread 0x000001c5f5e5a800 Uncommon trap: trap_request=0xffffff4d fr.pc=0x000001c5e5c0a448 relative=0x0000000000006e28
Event: 6.798 Thread 0x000001c5f5e5a800 Uncommon trap: reason=unstable_if action=reinterpret pc=0x000001c5e5c0a448 method=org.objectweb.asm.ClassReader.readMethod(Lorg/objectweb/asm/ClassVisitor;Lorg/objectweb/asm/Context;I)I @ 400 c2
Event: 6.798 Thread 0x000001c5f5e5a800 DEOPT PACKING pc=0x000001c5e5c0a448 sp=0x00000024263fdf50
Event: 6.798 Thread 0x000001c5f5e5a800 DEOPT UNPACKING pc=0x000001c5dddca1af sp=0x00000024263fdf18 mode 2

Classes redefined (0 events):
No events

Internal exceptions (20 events):
Event: 5.033 Thread 0x000001c5f8c06800 Exception <a 'sun/nio/fs/WindowsException'{0x000000008c8c6540}> (0x000000008c8c6540) thrown at [./src/hotspot/share/prims/jni.cpp, line 616]
Event: 5.034 Thread 0x000001c5f8c06800 Exception <a 'sun/nio/fs/WindowsException'{0x000000008c8c66b8}> (0x000000008c8c66b8) thrown at [./src/hotspot/share/prims/jni.cpp, line 616]
Event: 5.040 Thread 0x000001c5f7aed800 Exception <a 'java/lang/ClassNotFoundException'{0x000000008c73c1a0}: sync_studio_tooling_a0np0mnnpkhbbcapqao0wj3hvBeanInfo> (0x000000008c73c1a0) thrown at [./src/hotspot/share/classfile/systemDictionary.cpp, line 231]
Event: 5.041 Thread 0x000001c5f7aed800 Exception <a 'java/lang/ClassNotFoundException'{0x000000008c749340}: sync_studio_tooling_a0np0mnnpkhbbcapqao0wj3hvCustomizer> (0x000000008c749340) thrown at [./src/hotspot/share/classfile/systemDictionary.cpp, line 231]
Event: 5.046 Thread 0x000001c5f7aed800 Exception <a 'java/lang/ClassNotFoundException'{0x000000008c7c37b0}: org/gradle/internal/metaobject/ConfigureDelegateBeanInfo> (0x000000008c7c37b0) thrown at [./src/hotspot/share/classfile/systemDictionary.cpp, line 231]
Event: 5.047 Thread 0x000001c5f7aed800 Exception <a 'java/lang/ClassNotFoundException'{0x000000008c7ea860}: org/gradle/internal/metaobject/ConfigureDelegateCustomizer> (0x000000008c7ea860) thrown at [./src/hotspot/share/classfile/systemDictionary.cpp, line 231]
Event: 5.053 Thread 0x000001c5f7aed800 Exception <a 'java/lang/ClassNotFoundException'{0x000000008c66d810}: org/gradle/api/internal/initialization/DefaultScriptHandlerBeanInfo> (0x000000008c66d810) thrown at [./src/hotspot/share/classfile/systemDictionary.cpp, line 231]
Event: 5.054 Thread 0x000001c5f7aed800 Exception <a 'java/lang/ClassNotFoundException'{0x000000008c697ed0}: org/gradle/api/internal/initialization/DefaultScriptHandlerCustomizer> (0x000000008c697ed0) thrown at [./src/hotspot/share/classfile/systemDictionary.cpp, line 231]
Event: 5.139 Thread 0x000001c5f7aed800 Exception <a 'java/lang/ClassNotFoundException'{0x000000008bdb1f10}: org/gradle/api/internal/artifacts/dsl/dependencies/DefaultDependencyHandler_DecoratedBeanInfo> (0x000000008bdb1f10) thrown at [./src/hotspot/share/classfile/systemDictionary.cpp, line 231]
Event: 5.139 Thread 0x000001c5f7aed800 Exception <a 'java/lang/ClassNotFoundException'{0x000000008bdf1128}: org/gradle/api/internal/artifacts/dsl/dependencies/DefaultDependencyHandlerBeanInfo> (0x000000008bdf1128) thrown at [./src/hotspot/share/classfile/systemDictionary.cpp, line 231]
Event: 5.140 Thread 0x000001c5f7aed800 Exception <a 'java/lang/ClassNotFoundException'{0x000000008bc30490}: org/gradle/api/internal/artifacts/dsl/dependencies/DefaultDependencyHandlerCustomizer> (0x000000008bc30490) thrown at [./src/hotspot/share/classfile/systemDictionary.cpp, line 231]
Event: 5.143 Thread 0x000001c5f7aed800 Exception <a 'java/lang/ClassNotFoundException'{0x000000008bc99e80}: org/gradle/api/internal/artifacts/dsl/dependencies/DefaultDependencyHandler_DecoratedCustomizer> (0x000000008bc99e80) thrown at [./src/hotspot/share/classfile/systemDictionary.cpp, line 231]
Event: 5.329 Thread 0x000001c5f7aed800 Exception <a 'java/lang/NoSuchMethodError'{0x000000008b0868d8}: 'int java.lang.invoke.DirectMethodHandle$Holder.invokeInterface(java.lang.Object, java.lang.Object)'> (0x000000008b0868d8) thrown at [./src/hotspot/share/interpreter/linkResolver.cpp, line 773]
Event: 5.329 Thread 0x000001c5f7aed800 Exception <a 'java/lang/IncompatibleClassChangeError'{0x000000008b08a3b8}: Found class java.lang.Object, but interface was expected> (0x000000008b08a3b8) thrown at [./src/hotspot/share/interpreter/linkResolver.cpp, line 839]
Event: 5.430 Thread 0x000001c5f7aed800 Exception <a 'java/lang/NoSuchMethodError'{0x0000000089df06c0}: 'int java.lang.invoke.DirectMethodHandle$Holder.invokeStaticInit(java.lang.Object)'> (0x0000000089df06c0) thrown at [./src/hotspot/share/interpreter/linkResolver.cpp, line 773]
Event: 5.442 Thread 0x000001c5f5e5b000 Exception <a 'sun/nio/fs/WindowsException'{0x0000000089b03eb0}> (0x0000000089b03eb0) thrown at [./src/hotspot/share/prims/jni.cpp, line 616]
Event: 5.471 Thread 0x000001c5f5e5a800 Exception <a 'sun/nio/fs/WindowsException'{0x00000000890c4f70}> (0x00000000890c4f70) thrown at [./src/hotspot/share/prims/jni.cpp, line 616]
Event: 5.709 Thread 0x000001c5f5e5a800 Implicit null exception at 0x000001c5e5bc5834 to 0x000001c5e5bc598c
Event: 5.806 Thread 0x000001c5f5e5b000 Exception <a 'sun/nio/fs/WindowsException'{0x000000008b82d290}> (0x000000008b82d290) thrown at [./src/hotspot/share/prims/jni.cpp, line 616]
Event: 5.807 Thread 0x000001c5f5e5b000 Exception <a 'sun/nio/fs/WindowsException'{0x000000008b82d468}> (0x000000008b82d468) thrown at [./src/hotspot/share/prims/jni.cpp, line 616]

Events (20 events):
Event: 5.502 loading class org/objectweb/asm/TypeReference
Event: 5.502 loading class org/objectweb/asm/TypeReference done
Event: 5.504 loading class org/objectweb/asm/TypePath
Event: 5.504 loading class org/objectweb/asm/TypePath done
Event: 5.549 Thread 0x000001c5fb054000 Thread added: 0x000001c5fb054000
Event: 5.550 Loaded shared library C:\Program Files\Android\Android Studio\jre\bin\java.dll
Event: 5.574 Thread 0x000001c5fb0b0800 Thread added: 0x000001c5fb0b0800
Event: 5.584 Executing VM operation: G1CollectForAllocation
Event: 5.593 Executing VM operation: G1CollectForAllocation done
Event: 5.593 Executing VM operation: RevokeBias
Event: 5.594 Executing VM operation: RevokeBias done
Event: 5.611 Loaded shared library C:\Program Files\Android\Android Studio\jre\bin\zip.dll
Event: 5.803 Executing VM operation: RevokeBias
Event: 5.803 Executing VM operation: RevokeBias done
Event: 6.141 Executing VM operation: G1CollectForAllocation
Event: 6.145 Executing VM operation: G1CollectForAllocation done
Event: 6.780 Executing VM operation: G1CollectForAllocation
Event: 6.785 Executing VM operation: G1CollectForAllocation done
Event: 7.021 loading class org/apache/tools/zip/ZipOutputStream$1
Event: 7.021 loading class org/apache/tools/zip/ZipOutputStream$1 done


Dynamic libraries:
0x00007ff6ad660000 - 0x00007ff6ad66a000 	C:\Program Files\Android\Android Studio\jre\bin\java.exe
0x00007ffabd250000 - 0x00007ffabd448000 	C:\Windows\SYSTEM32\ntdll.dll
0x00007ffabd150000 - 0x00007ffabd20f000 	C:\Windows\System32\KERNEL32.DLL
0x00007ffaba990000 - 0x00007ffabac6a000 	C:\Windows\System32\KERNELBASE.dll
0x00007ffabada0000 - 0x00007ffabaea0000 	C:\Windows\System32\ucrtbase.dll
0x00007ffa99cc0000 - 0x00007ffa99cd9000 	C:\Program Files\Android\Android Studio\jre\bin\jli.dll
0x00007ffa90500000 - 0x00007ffa90517000 	C:\Program Files\Android\Android Studio\jre\bin\VCRUNTIME140.dll
0x00007ffabc620000 - 0x00007ffabc7bd000 	C:\Windows\System32\USER32.dll
0x00007ffaba960000 - 0x00007ffaba982000 	C:\Windows\System32\win32u.dll
0x00007ffab9b10000 - 0x00007ffab9daa000 	C:\Windows\WinSxS\amd64_microsoft.windows.common-controls_6595b64144ccf1df_6.0.19041.1110_none_60b5254171f9507e\COMCTL32.dll
0x00007ffabcff0000 - 0x00007ffabd01b000 	C:\Windows\System32\GDI32.dll
0x00007ffabc520000 - 0x00007ffabc5be000 	C:\Windows\System32\msvcrt.dll
0x00007ffabaf50000 - 0x00007ffabb060000 	C:\Windows\System32\gdi32full.dll
0x00007ffabac70000 - 0x00007ffabad0d000 	C:\Windows\System32\msvcp_win.dll
0x00007ffabb3b0000 - 0x00007ffabb3e0000 	C:\Windows\System32\IMM32.DLL
0x00007ffa86110000 - 0x00007ffa861ad000 	C:\Program Files\Android\Android Studio\jre\bin\msvcp140.dll
0x00007ffa76c70000 - 0x00007ffa77772000 	C:\Program Files\Android\Android Studio\jre\bin\server\jvm.dll
0x00007ffabc310000 - 0x00007ffabc3be000 	C:\Windows\System32\ADVAPI32.dll
0x00007ffabc050000 - 0x00007ffabc0ec000 	C:\Windows\System32\sechost.dll
0x00007ffabb500000 - 0x00007ffabb626000 	C:\Windows\System32\RPCRT4.dll
0x00007ffabb3a0000 - 0x00007ffabb3a8000 	C:\Windows\System32\PSAPI.DLL
0x00007ffab02d0000 - 0x00007ffab02f7000 	C:\Windows\SYSTEM32\WINMM.dll
0x00007ffab8680000 - 0x00007ffab868a000 	C:\Windows\SYSTEM32\VERSION.dll
0x00007ffab4010000 - 0x00007ffab4019000 	C:\Windows\SYSTEM32\WSOCK32.dll
0x00007ffabc0f0000 - 0x00007ffabc15b000 	C:\Windows\System32\WS2_32.dll
0x00007ffab7be0000 - 0x00007ffab7bf2000 	C:\Windows\SYSTEM32\kernel.appcore.dll
0x00007ffa90530000 - 0x00007ffa90541000 	C:\Program Files\Android\Android Studio\jre\bin\verify.dll
0x00007ffaba390000 - 0x00007ffaba574000 	C:\Windows\SYSTEM32\DBGHELP.DLL
0x00007ffaba000000 - 0x00007ffaba034000 	C:\Windows\SYSTEM32\dbgcore.DLL
0x00007ffabad10000 - 0x00007ffabad92000 	C:\Windows\System32\bcryptPrimitives.dll
0x00007ffa8b360000 - 0x00007ffa8b389000 	C:\Program Files\Android\Android Studio\jre\bin\java.dll
0x00007ffa90520000 - 0x00007ffa9052b000 	C:\Program Files\Android\Android Studio\jre\bin\jimage.dll
0x00007ffa89cf0000 - 0x00007ffa89d08000 	C:\Program Files\Android\Android Studio\jre\bin\zip.dll
0x00007ffabc8a0000 - 0x00007ffabcfe4000 	C:\Windows\System32\SHELL32.dll
0x00007ffab7c00000 - 0x00007ffab8393000 	C:\Windows\SYSTEM32\windows.storage.dll
0x00007ffabbce0000 - 0x00007ffabc034000 	C:\Windows\System32\combase.dll
0x00007ffab9f60000 - 0x00007ffab9f8e000 	C:\Windows\SYSTEM32\Wldp.dll
0x00007ffabb760000 - 0x00007ffabb80d000 	C:\Windows\System32\SHCORE.dll
0x00007ffabc5c0000 - 0x00007ffabc615000 	C:\Windows\System32\shlwapi.dll
0x00007ffaba8a0000 - 0x00007ffaba8bf000 	C:\Windows\SYSTEM32\profapi.dll
0x00007ffa89cd0000 - 0x00007ffa89cea000 	C:\Program Files\Android\Android Studio\jre\bin\net.dll
0x00007ffab5190000 - 0x00007ffab529a000 	C:\Windows\SYSTEM32\WINHTTP.dll
0x00007ffab9a40000 - 0x00007ffab9aaa000 	C:\Windows\system32\mswsock.dll
0x00007ffa88b70000 - 0x00007ffa88b84000 	C:\Program Files\Android\Android Studio\jre\bin\nio.dll
0x00007ffaba170000 - 0x00007ffaba197000 	C:\Users\Admin\.gradle\native\e1d6ef7f7dcc3fd88c89a11ec53ec762bb8ba0a96d01ffa2cd45eb1d1d8dd5c5\windows-amd64\native-platform.dll
0x00007ffa85fc0000 - 0x00007ffa86104000 	C:\Users\Admin\.gradle\native\0d407fdbe67a94daf76414ababcb853783967236a71b16ec16e742cd7a986fd3\windows-amd64\native-platform-file-events.dll
0x00007ffa8b7f0000 - 0x00007ffa8b7fa000 	C:\Program Files\Android\Android Studio\jre\bin\management.dll
0x00007ffa8b060000 - 0x00007ffa8b06d000 	C:\Program Files\Android\Android Studio\jre\bin\management_ext.dll
0x00007ffaba6f0000 - 0x00007ffaba708000 	C:\Windows\SYSTEM32\CRYPTSP.dll
0x00007ffab9350000 - 0x00007ffab9384000 	C:\Windows\system32\rsaenh.dll
0x00007ffabb280000 - 0x00007ffabb2a7000 	C:\Windows\System32\bcrypt.dll
0x00007ffaba860000 - 0x00007ffaba88e000 	C:\Windows\SYSTEM32\USERENV.dll
0x00007ffab9ed0000 - 0x00007ffab9edc000 	C:\Windows\SYSTEM32\CRYPTBASE.dll
0x00007ffab9950000 - 0x00007ffab998c000 	C:\Windows\SYSTEM32\IPHLPAPI.DLL
0x00007ffabc4f0000 - 0x00007ffabc4f8000 	C:\Windows\System32\NSI.dll
0x00007ffab49e0000 - 0x00007ffab49f7000 	C:\Windows\SYSTEM32\dhcpcsvc6.DLL
0x00007ffab49c0000 - 0x00007ffab49dd000 	C:\Windows\SYSTEM32\dhcpcsvc.DLL
0x00007ffab9630000 - 0x00007ffab96fb000 	C:\Windows\SYSTEM32\DNSAPI.dll

dbghelp: loaded successfully - version: 4.0.5 - missing functions: none
symbol engine: initialized successfully - sym options: 0x614 - pdb path: .;C:\Program Files\Android\Android Studio\jre\bin;C:\Windows\SYSTEM32;C:\Windows\WinSxS\amd64_microsoft.windows.common-controls_6595b64144ccf1df_6.0.19041.1110_none_60b5254171f9507e;C:\Program Files\Android\Android Studio\jre\bin\server;C:\Users\Admin\.gradle\native\e1d6ef7f7dcc3fd88c89a11ec53ec762bb8ba0a96d01ffa2cd45eb1d1d8dd5c5\windows-amd64;C:\Users\Admin\.gradle\native\0d407fdbe67a94daf76414ababcb853783967236a71b16ec16e742cd7a986fd3\windows-amd64

VM Arguments:
jvm_args: --add-opens=java.base/java.util=ALL-UNNAMED --add-opens=java.base/java.lang=ALL-UNNAMED --add-opens=java.base/java.lang.invoke=ALL-UNNAMED --add-opens=java.base/java.util=ALL-UNNAMED --add-opens=java.prefs/java.util.prefs=ALL-UNNAMED --add-opens=java.prefs/java.util.prefs=ALL-UNNAMED --add-opens=java.base/java.nio.charset=ALL-UNNAMED --add-opens=java.base/java.net=ALL-UNNAMED --add-opens=java.base/java.util.concurrent.atomic=ALL-UNNAMED -Xmx2048m -Dfile.encoding=UTF-8 -Duser.country=US -Duser.language=en -Duser.variant 
java_command: org.gradle.launcher.daemon.bootstrap.GradleDaemon 7.4
java_class_path (initial): C:\Users\Admin\.gradle\wrapper\dists\gradle-7.4-bin\c0gwcg53nkjbqw7r0h0umtfvt\gradle-7.4\lib\gradle-launcher-7.4.jar
Launcher Type: SUN_STANDARD

[Global flags]
     intx CICompilerCount                          = 12                                        {product} {ergonomic}
     uint ConcGCThreads                            = 3                                         {product} {ergonomic}
     uint G1ConcRefinementThreads                  = 13                                        {product} {ergonomic}
   size_t G1HeapRegionSize                         = 1048576                                   {product} {ergonomic}
    uintx GCDrainStackTargetSize                   = 64                                        {product} {ergonomic}
   size_t InitialHeapSize                          = 260046848                                 {product} {ergonomic}
   size_t MarkStackSize                            = 4194304                                   {product} {ergonomic}
   size_t MaxHeapSize                              = 2147483648                                {product} {command line}
   size_t MaxNewSize                               = 1287651328                                {product} {ergonomic}
   size_t MinHeapDeltaBytes                        = 1048576                                   {product} {ergonomic}
    uintx NonNMethodCodeHeapSize                   = 7594288                                {pd product} {ergonomic}
    uintx NonProfiledCodeHeapSize                  = 122031976                              {pd product} {ergonomic}
    uintx ProfiledCodeHeapSize                     = 122031976                              {pd product} {ergonomic}
    uintx ReservedCodeCacheSize                    = 251658240                              {pd product} {ergonomic}
     bool SegmentedCodeCache                       = true                                      {product} {ergonomic}
     bool UseCompressedClassPointers               = true                                 {lp64_product} {ergonomic}
     bool UseCompressedOops                        = true                                 {lp64_product} {ergonomic}
     bool UseG1GC                                  = true                                      {product} {ergonomic}
     bool UseLargePagesIndividualAllocation        = false                                  {pd product} {ergonomic}

Logging:
Log output configuration:
 #0: stdout all=warning uptime,level,tags
 #1: stderr all=off uptime,level,tags

Environment Variables:
PATH=D:\New Folder\bin\;C:\Program Files\Common Files\Oracle\Java\javapath;C:\Windows\system32;C:\Windows;C:\Windows\System32\Wbem;C:\Windows\System32\WindowsPowerShell\v1.0\;C:\Windows\System32\OpenSSH\;C:\Program Files\Java\jdk-17.0.5;C:\Program Files\Microsoft SQL Server\150\Tools\Binn\;D:\git\Git\cmd;C:\Users\Admin\AppData\Local\Microsoft\WindowsApps;D:\Microsoft VS Code\bin;D:\fvm;
USERNAME=Admin
OS=Windows_NT
PROCESSOR_IDENTIFIER=AMD64 Family 23 Model 96 Stepping 1, AuthenticAMD



---------------  S Y S T E M  ---------------

OS: Windows 10 , 64 bit Build 19041 (10.0.19041.2788)
OS uptime: 0 days 0:06 hours

CPU:total 16 (initial active 16) (16 cores per cpu, 2 threads per core) family 23 model 96 stepping 1 microcode 0x0, cmov, cx8, fxsr, mmx, sse, sse2, sse3, ssse3, sse4.1, sse4.2, popcnt, avx, avx2, aes, clmul, mmxext, 3dnowpref, lzcnt, sse4a, ht, tsc, tscinvbit, tscinv, bmi1, bmi2, adx, sha, fma

Memory: 4k page, system-wide physical 15791M (8330M free)
TotalPageFile size 19247M (AvailPageFile size 9273M)
current process WorkingSet (physical memory assigned to process): 464M, peak: 473M
current process commit charge ("private bytes"): 560M, peak: 579M

vm_info: OpenJDK 64-Bit Server VM (11.0.13+0-b1751.21-8125866) for windows-amd64 JRE (11.0.13+0-b1751.21-8125866), built on Feb  2 2022 03:00:22 by "builder" with MS VC++ 14.0 (VS2015)

END.
